#
# There is insufficient memory for the Java Runtime Environment to continue.
# Native memory allocation (malloc) failed to allocate 1792224 bytes for Chunk::new
# Possible reasons:
#   The system is out of physical RAM or swap space
#   The process is running with CompressedOops enabled, and the Java Heap may be blocking the growth of the native heap
# Possible solutions:
#   Reduce memory load on the system
#   Increase physical memory or swap space
#   Check if swap backing store is full
#   Decrease Java heap size (-Xmx/-Xms)
#   Decrease number of Java threads
#   Decrease Java thread stack sizes (-Xss)
#   Set larger code cache with -XX:ReservedCodeCacheSize=
#   JVM is running with Zero Based Compressed Oops mode in which the Java heap is
#     placed in the first 32GB address space. The Java Heap base address is the
#     maximum limit for the native heap growth. Please use -XX:HeapBaseMinAddress
#     to set the Java Heap base and to place the Java Heap above 32GB virtual address.
# This output file may be truncated or incomplete.
#
#  Out of Memory Error (arena.cpp:189), pid=17064, tid=11152
#
# JRE version: OpenJDK Runtime Environment Corretto-17.0.8.8.1 (17.0.8.1+8) (build 17.0.8.1+8-LTS)
# Java VM: OpenJDK 64-Bit Server VM Corretto-17.0.8.8.1 (17.0.8.1+8-LTS, mixed mode, sharing, tiered, compressed oops, compressed class ptrs, g1 gc, windows-amd64)
# No core dump will be written. Minidumps are not enabled by default on client versions of Windows
#

---------------  S U M M A R Y ------------

Command Line: -ea -Didea.test.cyclic.buffer.size=1048576 -javaagent:C:\Program Files\JetBrains\IntelliJ IDEA Community Edition 2022.2.1\lib\idea_rt.jar=59990:C:\Program Files\JetBrains\IntelliJ IDEA Community Edition 2022.2.1\bin -Dfile.encoding=UTF-8 com.intellij.rt.testng.RemoteTestNGStarter -usedefaultlisteners false -socket59989 @w@C:\Users\User\AppData\Local\Temp\idea_working_dirs_testng.tmp -temp C:\Users\User\AppData\Local\Temp\idea_testng.tmp

Host: AMD Ryzen 5 3600 6-Core Processor              , 12 cores, 15G,  Windows 10 , 64 bit Build 19041 (10.0.19041.292)
Time: Sun Dec 17 18:38:03 2023  Windows 10 , 64 bit Build 19041 (10.0.19041.292) elapsed time: 0.508763 seconds (0d 0h 0m 0s)

---------------  T H R E A D  ---------------

Current thread (0x0000019dae8ef9b0):  JavaThread "C2 CompilerThread1" daemon [_thread_in_native, id=11152, stack(0x00000069b2e00000,0x00000069b2f00000)]


Current CompileTask:
C2:    509 1096       4       jdk.internal.org.objectweb.asm.Frame::execute (2305 bytes)

Stack: [0x00000069b2e00000,0x00000069b2f00000]
Native frames: (J=compiled Java code, j=interpreted, Vv=VM code, C=native code)
V  [jvm.dll+0x64c9da]
V  [jvm.dll+0x800834]
V  [jvm.dll+0x801fee]
V  [jvm.dll+0x802643]
V  [jvm.dll+0x23715b]
V  [jvm.dll+0xbd5ac]
V  [jvm.dll+0xbdb8c]
V  [jvm.dll+0x3518c7]
V  [jvm.dll+0x31be9f]
V  [jvm.dll+0x31b2da]
V  [jvm.dll+0x20b045]
V  [jvm.dll+0x20a5d7]
V  [jvm.dll+0x19a74d]
V  [jvm.dll+0x219b5d]
V  [jvm.dll+0x217cbb]
V  [jvm.dll+0x7b94bb]
V  [jvm.dll+0x7b392a]
V  [jvm.dll+0x64b845]
C  [ucrtbase.dll+0x214c2]
C  [KERNEL32.DLL+0x16fd4]
C  [ntdll.dll+0x4cec1]


---------------  P R O C E S S  ---------------

Threads class SMR info:
_java_thread_list=0x0000019dae9107a0, length=14, elements={
0x0000019d8b0e7430, 0x0000019dae55bed0, 0x0000019dae55cd50, 0x0000019dae686860,
0x0000019dae689140, 0x0000019dae689b00, 0x0000019dae68bc70, 0x0000019dae68ddd0,
0x0000019dae6921f0, 0x0000019dae697bc0, 0x0000019dae793610, 0x0000019dae869570,
0x0000019dae883be0, 0x0000019dae8ef9b0
}

Java Threads: ( => current thread )
  0x0000019d8b0e7430 JavaThread "main" [_thread_in_native, id=1352, stack(0x00000069b1a00000,0x00000069b1b00000)]
  0x0000019dae55bed0 JavaThread "Reference Handler" daemon [_thread_blocked, id=22120, stack(0x00000069b2100000,0x00000069b2200000)]
  0x0000019dae55cd50 JavaThread "Finalizer" daemon [_thread_blocked, id=17472, stack(0x00000069b2200000,0x00000069b2300000)]
  0x0000019dae686860 JavaThread "Signal Dispatcher" daemon [_thread_blocked, id=19468, stack(0x00000069b2300000,0x00000069b2400000)]
  0x0000019dae689140 JavaThread "Attach Listener" daemon [_thread_blocked, id=6476, stack(0x00000069b2400000,0x00000069b2500000)]
  0x0000019dae689b00 JavaThread "Service Thread" daemon [_thread_blocked, id=13968, stack(0x00000069b2500000,0x00000069b2600000)]
  0x0000019dae68bc70 JavaThread "Monitor Deflation Thread" daemon [_thread_blocked, id=7720, stack(0x00000069b2600000,0x00000069b2700000)]
  0x0000019dae68ddd0 JavaThread "C2 CompilerThread0" daemon [_thread_blocked, id=8852, stack(0x00000069b2700000,0x00000069b2800000)]
  0x0000019dae6921f0 JavaThread "C1 CompilerThread0" daemon [_thread_blocked, id=19408, stack(0x00000069b2800000,0x00000069b2900000)]
  0x0000019dae697bc0 JavaThread "Sweeper thread" daemon [_thread_blocked, id=9708, stack(0x00000069b2900000,0x00000069b2a00000)]
  0x0000019dae793610 JavaThread "Common-Cleaner" daemon [_thread_blocked, id=16140, stack(0x00000069b2a00000,0x00000069b2b00000)]
  0x0000019dae869570 JavaThread "Monitor Ctrl-Break" daemon [_thread_in_native, id=21184, stack(0x00000069b2b00000,0x00000069b2c00000)]
  0x0000019dae883be0 JavaThread "Notification Thread" daemon [_thread_blocked, id=15760, stack(0x00000069b2c00000,0x00000069b2d00000)]
=>0x0000019dae8ef9b0 JavaThread "C2 CompilerThread1" daemon [_thread_in_native, id=11152, stack(0x00000069b2e00000,0x00000069b2f00000)]

Other Threads:
  0x0000019dae555e60 VMThread "VM Thread" [stack: 0x00000069b2000000,0x00000069b2100000] [id=2248]
  0x0000019d8b1768c0 WatcherThread [stack: 0x00000069b2d00000,0x00000069b2e00000] [id=16508]
  0x0000019d8b15cde0 GCTaskThread "GC Thread#0" [stack: 0x00000069b1b00000,0x00000069b1c00000] [id=18040]
  0x0000019d8b16e440 ConcurrentGCThread "G1 Main Marker" [stack: 0x00000069b1c00000,0x00000069b1d00000] [id=12484]
  0x0000019d8b16f5f0 ConcurrentGCThread "G1 Conc#0" [stack: 0x00000069b1d00000,0x00000069b1e00000] [id=6368]
  0x0000019d8b1aeb00 ConcurrentGCThread "G1 Refine#0" [stack: 0x00000069b1e00000,0x00000069b1f00000] [id=18200]
  0x0000019dae40e790 ConcurrentGCThread "G1 Service" [stack: 0x00000069b1f00000,0x00000069b2000000] [id=20772]

Threads with active compile tasks:
C1 CompilerThread0      527 1225       3       jdk.internal.misc.Unsafe::copyMemory (33 bytes)
C2 CompilerThread1      527 1096       4       jdk.internal.org.objectweb.asm.Frame::execute (2305 bytes)

VM state: not at safepoint (normal execution)

VM Mutex/Monitor currently owned by a thread: None

Heap address: 0x0000000701000000, size: 4080 MB, Compressed Oops mode: Zero based, Oop shift amount: 3

CDS archive(s) mapped at: [0x0000019daf000000-0x0000019dafbd0000-0x0000019dafbd0000), size 12386304, SharedBaseAddress: 0x0000019daf000000, ArchiveRelocationMode: 1.
Compressed class space mapped at: 0x0000019db0000000-0x0000019df0000000, reserved size: 1073741824
Narrow klass base: 0x0000019daf000000, Narrow klass shift: 0, Narrow klass range: 0x100000000

GC Precious Log:
 CPUs: 12 total, 12 available
 Memory: 16313M
 Large Page Support: Disabled
 NUMA Support: Disabled
 Compressed Oops: Enabled (Zero based)
 Heap Region Size: 2M
 Heap Min Capacity: 8M
 Heap Initial Capacity: 256M
 Heap Max Capacity: 4080M
 Pre-touch: Disabled
 Parallel Workers: 10
 Concurrent Workers: 3
 Concurrent Refinement Workers: 10
 Periodic GC: Disabled

Heap:
 garbage-first heap   total 262144K, used 18432K [0x0000000701000000, 0x0000000800000000)
  region size 2048K, 10 young (20480K), 0 survivors (0K)
 Metaspace       used 7391K, committed 7680K, reserved 1114112K
  class space    used 884K, committed 1024K, reserved 1048576K

Heap Regions: E=young(eden), S=young(survivor), O=old, HS=humongous(starts), HC=humongous(continues), CS=collection set, F=free, OA=open archive, CA=closed archive, TAMS=top-at-mark-start (previous, next)
|   0|0x0000000701000000, 0x0000000701000000, 0x0000000701200000|  0%| F|  |TAMS 0x0000000701000000, 0x0000000701000000| Untracked 
|   1|0x0000000701200000, 0x0000000701200000, 0x0000000701400000|  0%| F|  |TAMS 0x0000000701200000, 0x0000000701200000| Untracked 
|   2|0x0000000701400000, 0x0000000701400000, 0x0000000701600000|  0%| F|  |TAMS 0x0000000701400000, 0x0000000701400000| Untracked 
|   3|0x0000000701600000, 0x0000000701600000, 0x0000000701800000|  0%| F|  |TAMS 0x0000000701600000, 0x0000000701600000| Untracked 
|   4|0x0000000701800000, 0x0000000701800000, 0x0000000701a00000|  0%| F|  |TAMS 0x0000000701800000, 0x0000000701800000| Untracked 
|   5|0x0000000701a00000, 0x0000000701a00000, 0x0000000701c00000|  0%| F|  |TAMS 0x0000000701a00000, 0x0000000701a00000| Untracked 
|   6|0x0000000701c00000, 0x0000000701c00000, 0x0000000701e00000|  0%| F|  |TAMS 0x0000000701c00000, 0x0000000701c00000| Untracked 
|   7|0x0000000701e00000, 0x0000000701e00000, 0x0000000702000000|  0%| F|  |TAMS 0x0000000701e00000, 0x0000000701e00000| Untracked 
|   8|0x0000000702000000, 0x0000000702000000, 0x0000000702200000|  0%| F|  |TAMS 0x0000000702000000, 0x0000000702000000| Untracked 
|   9|0x0000000702200000, 0x0000000702200000, 0x0000000702400000|  0%| F|  |TAMS 0x0000000702200000, 0x0000000702200000| Untracked 
|  10|0x0000000702400000, 0x0000000702400000, 0x0000000702600000|  0%| F|  |TAMS 0x0000000702400000, 0x0000000702400000| Untracked 
|  11|0x0000000702600000, 0x0000000702600000, 0x0000000702800000|  0%| F|  |TAMS 0x0000000702600000, 0x0000000702600000| Untracked 
|  12|0x0000000702800000, 0x0000000702800000, 0x0000000702a00000|  0%| F|  |TAMS 0x0000000702800000, 0x0000000702800000| Untracked 
|  13|0x0000000702a00000, 0x0000000702a00000, 0x0000000702c00000|  0%| F|  |TAMS 0x0000000702a00000, 0x0000000702a00000| Untracked 
|  14|0x0000000702c00000, 0x0000000702c00000, 0x0000000702e00000|  0%| F|  |TAMS 0x0000000702c00000, 0x0000000702c00000| Untracked 
|  15|0x0000000702e00000, 0x0000000702e00000, 0x0000000703000000|  0%| F|  |TAMS 0x0000000702e00000, 0x0000000702e00000| Untracked 
|  16|0x0000000703000000, 0x0000000703000000, 0x0000000703200000|  0%| F|  |TAMS 0x0000000703000000, 0x0000000703000000| Untracked 
|  17|0x0000000703200000, 0x0000000703200000, 0x0000000703400000|  0%| F|  |TAMS 0x0000000703200000, 0x0000000703200000| Untracked 
|  18|0x0000000703400000, 0x0000000703400000, 0x0000000703600000|  0%| F|  |TAMS 0x0000000703400000, 0x0000000703400000| Untracked 
|  19|0x0000000703600000, 0x0000000703600000, 0x0000000703800000|  0%| F|  |TAMS 0x0000000703600000, 0x0000000703600000| Untracked 
|  20|0x0000000703800000, 0x0000000703800000, 0x0000000703a00000|  0%| F|  |TAMS 0x0000000703800000, 0x0000000703800000| Untracked 
|  21|0x0000000703a00000, 0x0000000703a00000, 0x0000000703c00000|  0%| F|  |TAMS 0x0000000703a00000, 0x0000000703a00000| Untracked 
|  22|0x0000000703c00000, 0x0000000703c00000, 0x0000000703e00000|  0%| F|  |TAMS 0x0000000703c00000, 0x0000000703c00000| Untracked 
|  23|0x0000000703e00000, 0x0000000703e00000, 0x0000000704000000|  0%| F|  |TAMS 0x0000000703e00000, 0x0000000703e00000| Untracked 
|  24|0x0000000704000000, 0x0000000704000000, 0x0000000704200000|  0%| F|  |TAMS 0x0000000704000000, 0x0000000704000000| Untracked 
|  25|0x0000000704200000, 0x0000000704200000, 0x0000000704400000|  0%| F|  |TAMS 0x0000000704200000, 0x0000000704200000| Untracked 
|  26|0x0000000704400000, 0x0000000704400000, 0x0000000704600000|  0%| F|  |TAMS 0x0000000704400000, 0x0000000704400000| Untracked 
|  27|0x0000000704600000, 0x0000000704600000, 0x0000000704800000|  0%| F|  |TAMS 0x0000000704600000, 0x0000000704600000| Untracked 
|  28|0x0000000704800000, 0x0000000704800000, 0x0000000704a00000|  0%| F|  |TAMS 0x0000000704800000, 0x0000000704800000| Untracked 
|  29|0x0000000704a00000, 0x0000000704a00000, 0x0000000704c00000|  0%| F|  |TAMS 0x0000000704a00000, 0x0000000704a00000| Untracked 
|  30|0x0000000704c00000, 0x0000000704c00000, 0x0000000704e00000|  0%| F|  |TAMS 0x0000000704c00000, 0x0000000704c00000| Untracked 
|  31|0x0000000704e00000, 0x0000000704e00000, 0x0000000705000000|  0%| F|  |TAMS 0x0000000704e00000, 0x0000000704e00000| Untracked 
|  32|0x0000000705000000, 0x0000000705000000, 0x0000000705200000|  0%| F|  |TAMS 0x0000000705000000, 0x0000000705000000| Untracked 
|  33|0x0000000705200000, 0x0000000705200000, 0x0000000705400000|  0%| F|  |TAMS 0x0000000705200000, 0x0000000705200000| Untracked 
|  34|0x0000000705400000, 0x0000000705400000, 0x0000000705600000|  0%| F|  |TAMS 0x0000000705400000, 0x0000000705400000| Untracked 
|  35|0x0000000705600000, 0x0000000705600000, 0x0000000705800000|  0%| F|  |TAMS 0x0000000705600000, 0x0000000705600000| Untracked 
|  36|0x0000000705800000, 0x0000000705800000, 0x0000000705a00000|  0%| F|  |TAMS 0x0000000705800000, 0x0000000705800000| Untracked 
|  37|0x0000000705a00000, 0x0000000705a00000, 0x0000000705c00000|  0%| F|  |TAMS 0x0000000705a00000, 0x0000000705a00000| Untracked 
|  38|0x0000000705c00000, 0x0000000705c00000, 0x0000000705e00000|  0%| F|  |TAMS 0x0000000705c00000, 0x0000000705c00000| Untracked 
|  39|0x0000000705e00000, 0x0000000705e00000, 0x0000000706000000|  0%| F|  |TAMS 0x0000000705e00000, 0x0000000705e00000| Untracked 
|  40|0x0000000706000000, 0x0000000706000000, 0x0000000706200000|  0%| F|  |TAMS 0x0000000706000000, 0x0000000706000000| Untracked 
|  41|0x0000000706200000, 0x0000000706200000, 0x0000000706400000|  0%| F|  |TAMS 0x0000000706200000, 0x0000000706200000| Untracked 
|  42|0x0000000706400000, 0x0000000706400000, 0x0000000706600000|  0%| F|  |TAMS 0x0000000706400000, 0x0000000706400000| Untracked 
|  43|0x0000000706600000, 0x0000000706600000, 0x0000000706800000|  0%| F|  |TAMS 0x0000000706600000, 0x0000000706600000| Untracked 
|  44|0x0000000706800000, 0x0000000706800000, 0x0000000706a00000|  0%| F|  |TAMS 0x0000000706800000, 0x0000000706800000| Untracked 
|  45|0x0000000706a00000, 0x0000000706a00000, 0x0000000706c00000|  0%| F|  |TAMS 0x0000000706a00000, 0x0000000706a00000| Untracked 
|  46|0x0000000706c00000, 0x0000000706c00000, 0x0000000706e00000|  0%| F|  |TAMS 0x0000000706c00000, 0x0000000706c00000| Untracked 
|  47|0x0000000706e00000, 0x0000000706e00000, 0x0000000707000000|  0%| F|  |TAMS 0x0000000706e00000, 0x0000000706e00000| Untracked 
|  48|0x0000000707000000, 0x0000000707000000, 0x0000000707200000|  0%| F|  |TAMS 0x0000000707000000, 0x0000000707000000| Untracked 
|  49|0x0000000707200000, 0x0000000707200000, 0x0000000707400000|  0%| F|  |TAMS 0x0000000707200000, 0x0000000707200000| Untracked 
|  50|0x0000000707400000, 0x0000000707400000, 0x0000000707600000|  0%| F|  |TAMS 0x0000000707400000, 0x0000000707400000| Untracked 
|  51|0x0000000707600000, 0x0000000707600000, 0x0000000707800000|  0%| F|  |TAMS 0x0000000707600000, 0x0000000707600000| Untracked 
|  52|0x0000000707800000, 0x0000000707800000, 0x0000000707a00000|  0%| F|  |TAMS 0x0000000707800000, 0x0000000707800000| Untracked 
|  53|0x0000000707a00000, 0x0000000707a00000, 0x0000000707c00000|  0%| F|  |TAMS 0x0000000707a00000, 0x0000000707a00000| Untracked 
|  54|0x0000000707c00000, 0x0000000707c00000, 0x0000000707e00000|  0%| F|  |TAMS 0x0000000707c00000, 0x0000000707c00000| Untracked 
|  55|0x0000000707e00000, 0x0000000707e00000, 0x0000000708000000|  0%| F|  |TAMS 0x0000000707e00000, 0x0000000707e00000| Untracked 
|  56|0x0000000708000000, 0x0000000708000000, 0x0000000708200000|  0%| F|  |TAMS 0x0000000708000000, 0x0000000708000000| Untracked 
|  57|0x0000000708200000, 0x0000000708200000, 0x0000000708400000|  0%| F|  |TAMS 0x0000000708200000, 0x0000000708200000| Untracked 
|  58|0x0000000708400000, 0x0000000708400000, 0x0000000708600000|  0%| F|  |TAMS 0x0000000708400000, 0x0000000708400000| Untracked 
|  59|0x0000000708600000, 0x0000000708600000, 0x0000000708800000|  0%| F|  |TAMS 0x0000000708600000, 0x0000000708600000| Untracked 
|  60|0x0000000708800000, 0x0000000708800000, 0x0000000708a00000|  0%| F|  |TAMS 0x0000000708800000, 0x0000000708800000| Untracked 
|  61|0x0000000708a00000, 0x0000000708a00000, 0x0000000708c00000|  0%| F|  |TAMS 0x0000000708a00000, 0x0000000708a00000| Untracked 
|  62|0x0000000708c00000, 0x0000000708c00000, 0x0000000708e00000|  0%| F|  |TAMS 0x0000000708c00000, 0x0000000708c00000| Untracked 
|  63|0x0000000708e00000, 0x0000000708e00000, 0x0000000709000000|  0%| F|  |TAMS 0x0000000708e00000, 0x0000000708e00000| Untracked 
|  64|0x0000000709000000, 0x0000000709000000, 0x0000000709200000|  0%| F|  |TAMS 0x0000000709000000, 0x0000000709000000| Untracked 
|  65|0x0000000709200000, 0x0000000709200000, 0x0000000709400000|  0%| F|  |TAMS 0x0000000709200000, 0x0000000709200000| Untracked 
|  66|0x0000000709400000, 0x0000000709400000, 0x0000000709600000|  0%| F|  |TAMS 0x0000000709400000, 0x0000000709400000| Untracked 
|  67|0x0000000709600000, 0x0000000709600000, 0x0000000709800000|  0%| F|  |TAMS 0x0000000709600000, 0x0000000709600000| Untracked 
|  68|0x0000000709800000, 0x0000000709800000, 0x0000000709a00000|  0%| F|  |TAMS 0x0000000709800000, 0x0000000709800000| Untracked 
|  69|0x0000000709a00000, 0x0000000709a00000, 0x0000000709c00000|  0%| F|  |TAMS 0x0000000709a00000, 0x0000000709a00000| Untracked 
|  70|0x0000000709c00000, 0x0000000709c00000, 0x0000000709e00000|  0%| F|  |TAMS 0x0000000709c00000, 0x0000000709c00000| Untracked 
|  71|0x0000000709e00000, 0x0000000709e00000, 0x000000070a000000|  0%| F|  |TAMS 0x0000000709e00000, 0x0000000709e00000| Untracked 
|  72|0x000000070a000000, 0x000000070a000000, 0x000000070a200000|  0%| F|  |TAMS 0x000000070a000000, 0x000000070a000000| Untracked 
|  73|0x000000070a200000, 0x000000070a200000, 0x000000070a400000|  0%| F|  |TAMS 0x000000070a200000, 0x000000070a200000| Untracked 
|  74|0x000000070a400000, 0x000000070a400000, 0x000000070a600000|  0%| F|  |TAMS 0x000000070a400000, 0x000000070a400000| Untracked 
|  75|0x000000070a600000, 0x000000070a600000, 0x000000070a800000|  0%| F|  |TAMS 0x000000070a600000, 0x000000070a600000| Untracked 
|  76|0x000000070a800000, 0x000000070a800000, 0x000000070aa00000|  0%| F|  |TAMS 0x000000070a800000, 0x000000070a800000| Untracked 
|  77|0x000000070aa00000, 0x000000070aa00000, 0x000000070ac00000|  0%| F|  |TAMS 0x000000070aa00000, 0x000000070aa00000| Untracked 
|  78|0x000000070ac00000, 0x000000070ac00000, 0x000000070ae00000|  0%| F|  |TAMS 0x000000070ac00000, 0x000000070ac00000| Untracked 
|  79|0x000000070ae00000, 0x000000070ae00000, 0x000000070b000000|  0%| F|  |TAMS 0x000000070ae00000, 0x000000070ae00000| Untracked 
|  80|0x000000070b000000, 0x000000070b000000, 0x000000070b200000|  0%| F|  |TAMS 0x000000070b000000, 0x000000070b000000| Untracked 
|  81|0x000000070b200000, 0x000000070b200000, 0x000000070b400000|  0%| F|  |TAMS 0x000000070b200000, 0x000000070b200000| Untracked 
|  82|0x000000070b400000, 0x000000070b400000, 0x000000070b600000|  0%| F|  |TAMS 0x000000070b400000, 0x000000070b400000| Untracked 
|  83|0x000000070b600000, 0x000000070b600000, 0x000000070b800000|  0%| F|  |TAMS 0x000000070b600000, 0x000000070b600000| Untracked 
|  84|0x000000070b800000, 0x000000070b800000, 0x000000070ba00000|  0%| F|  |TAMS 0x000000070b800000, 0x000000070b800000| Untracked 
|  85|0x000000070ba00000, 0x000000070ba00000, 0x000000070bc00000|  0%| F|  |TAMS 0x000000070ba00000, 0x000000070ba00000| Untracked 
|  86|0x000000070bc00000, 0x000000070bc00000, 0x000000070be00000|  0%| F|  |TAMS 0x000000070bc00000, 0x000000070bc00000| Untracked 
|  87|0x000000070be00000, 0x000000070be00000, 0x000000070c000000|  0%| F|  |TAMS 0x000000070be00000, 0x000000070be00000| Untracked 
|  88|0x000000070c000000, 0x000000070c000000, 0x000000070c200000|  0%| F|  |TAMS 0x000000070c000000, 0x000000070c000000| Untracked 
|  89|0x000000070c200000, 0x000000070c200000, 0x000000070c400000|  0%| F|  |TAMS 0x000000070c200000, 0x000000070c200000| Untracked 
|  90|0x000000070c400000, 0x000000070c400000, 0x000000070c600000|  0%| F|  |TAMS 0x000000070c400000, 0x000000070c400000| Untracked 
|  91|0x000000070c600000, 0x000000070c600000, 0x000000070c800000|  0%| F|  |TAMS 0x000000070c600000, 0x000000070c600000| Untracked 
|  92|0x000000070c800000, 0x000000070c800000, 0x000000070ca00000|  0%| F|  |TAMS 0x000000070c800000, 0x000000070c800000| Untracked 
|  93|0x000000070ca00000, 0x000000070ca00000, 0x000000070cc00000|  0%| F|  |TAMS 0x000000070ca00000, 0x000000070ca00000| Untracked 
|  94|0x000000070cc00000, 0x000000070cc00000, 0x000000070ce00000|  0%| F|  |TAMS 0x000000070cc00000, 0x000000070cc00000| Untracked 
|  95|0x000000070ce00000, 0x000000070ce00000, 0x000000070d000000|  0%| F|  |TAMS 0x000000070ce00000, 0x000000070ce00000| Untracked 
|  96|0x000000070d000000, 0x000000070d000000, 0x000000070d200000|  0%| F|  |TAMS 0x000000070d000000, 0x000000070d000000| Untracked 
|  97|0x000000070d200000, 0x000000070d200000, 0x000000070d400000|  0%| F|  |TAMS 0x000000070d200000, 0x000000070d200000| Untracked 
|  98|0x000000070d400000, 0x000000070d400000, 0x000000070d600000|  0%| F|  |TAMS 0x000000070d400000, 0x000000070d400000| Untracked 
|  99|0x000000070d600000, 0x000000070d600000, 0x000000070d800000|  0%| F|  |TAMS 0x000000070d600000, 0x000000070d600000| Untracked 
| 100|0x000000070d800000, 0x000000070d800000, 0x000000070da00000|  0%| F|  |TAMS 0x000000070d800000, 0x000000070d800000| Untracked 
| 101|0x000000070da00000, 0x000000070da00000, 0x000000070dc00000|  0%| F|  |TAMS 0x000000070da00000, 0x000000070da00000| Untracked 
| 102|0x000000070dc00000, 0x000000070dc00000, 0x000000070de00000|  0%| F|  |TAMS 0x000000070dc00000, 0x000000070dc00000| Untracked 
| 103|0x000000070de00000, 0x000000070de00000, 0x000000070e000000|  0%| F|  |TAMS 0x000000070de00000, 0x000000070de00000| Untracked 
| 104|0x000000070e000000, 0x000000070e000000, 0x000000070e200000|  0%| F|  |TAMS 0x000000070e000000, 0x000000070e000000| Untracked 
| 105|0x000000070e200000, 0x000000070e200000, 0x000000070e400000|  0%| F|  |TAMS 0x000000070e200000, 0x000000070e200000| Untracked 
| 106|0x000000070e400000, 0x000000070e400000, 0x000000070e600000|  0%| F|  |TAMS 0x000000070e400000, 0x000000070e400000| Untracked 
| 107|0x000000070e600000, 0x000000070e600000, 0x000000070e800000|  0%| F|  |TAMS 0x000000070e600000, 0x000000070e600000| Untracked 
| 108|0x000000070e800000, 0x000000070e800000, 0x000000070ea00000|  0%| F|  |TAMS 0x000000070e800000, 0x000000070e800000| Untracked 
| 109|0x000000070ea00000, 0x000000070ea00000, 0x000000070ec00000|  0%| F|  |TAMS 0x000000070ea00000, 0x000000070ea00000| Untracked 
| 110|0x000000070ec00000, 0x000000070ec00000, 0x000000070ee00000|  0%| F|  |TAMS 0x000000070ec00000, 0x000000070ec00000| Untracked 
| 111|0x000000070ee00000, 0x000000070ee00000, 0x000000070f000000|  0%| F|  |TAMS 0x000000070ee00000, 0x000000070ee00000| Untracked 
| 112|0x000000070f000000, 0x000000070f000000, 0x000000070f200000|  0%| F|  |TAMS 0x000000070f000000, 0x000000070f000000| Untracked 
| 113|0x000000070f200000, 0x000000070f200000, 0x000000070f400000|  0%| F|  |TAMS 0x000000070f200000, 0x000000070f200000| Untracked 
| 114|0x000000070f400000, 0x000000070f400000, 0x000000070f600000|  0%| F|  |TAMS 0x000000070f400000, 0x000000070f400000| Untracked 
| 115|0x000000070f600000, 0x000000070f600000, 0x000000070f800000|  0%| F|  |TAMS 0x000000070f600000, 0x000000070f600000| Untracked 
| 116|0x000000070f800000, 0x000000070f800000, 0x000000070fa00000|  0%| F|  |TAMS 0x000000070f800000, 0x000000070f800000| Untracked 
| 117|0x000000070fa00000, 0x000000070fa00000, 0x000000070fc00000|  0%| F|  |TAMS 0x000000070fa00000, 0x000000070fa00000| Untracked 
| 118|0x000000070fc00000, 0x000000070fdc3e48, 0x000000070fe00000| 88%| E|  |TAMS 0x000000070fc00000, 0x000000070fc00000| Complete 
| 119|0x000000070fe00000, 0x0000000710000000, 0x0000000710000000|100%| E|CS|TAMS 0x000000070fe00000, 0x000000070fe00000| Complete 
| 120|0x0000000710000000, 0x0000000710200000, 0x0000000710200000|100%| E|CS|TAMS 0x0000000710000000, 0x0000000710000000| Complete 
| 121|0x0000000710200000, 0x0000000710400000, 0x0000000710400000|100%| E|CS|TAMS 0x0000000710200000, 0x0000000710200000| Complete 
| 122|0x0000000710400000, 0x0000000710600000, 0x0000000710600000|100%| E|CS|TAMS 0x0000000710400000, 0x0000000710400000| Complete 
| 123|0x0000000710600000, 0x0000000710800000, 0x0000000710800000|100%| E|CS|TAMS 0x0000000710600000, 0x0000000710600000| Complete 
| 124|0x0000000710800000, 0x0000000710a00000, 0x0000000710a00000|100%| E|CS|TAMS 0x0000000710800000, 0x0000000710800000| Complete 
| 125|0x0000000710a00000, 0x0000000710c00000, 0x0000000710c00000|100%| E|CS|TAMS 0x0000000710a00000, 0x0000000710a00000| Complete 
| 126|0x0000000710c00000, 0x0000000710e00000, 0x0000000710e00000|100%| E|CS|TAMS 0x0000000710c00000, 0x0000000710c00000| Complete 
| 127|0x0000000710e00000, 0x0000000711000000, 0x0000000711000000|100%| E|CS|TAMS 0x0000000710e00000, 0x0000000710e00000| Complete 

Card table byte_map: [0x0000019da2950000,0x0000019da3150000] _byte_map_base: 0x0000019d9f148000

Marking Bits (Prev, Next): (CMBitMap*) 0x0000019d8b15d400, (CMBitMap*) 0x0000019d8b15d440
 Prev Bits: [0x0000019da3950000, 0x0000019da7910000)
 Next Bits: [0x0000019da7910000, 0x0000019dab8d0000)

Polling page: 0x0000019d89030000

Metaspace:

Usage:
  Non-class:      6.36 MB used.
      Class:    884.27 KB used.
       Both:      7.23 MB used.

Virtual space:
  Non-class space:       64.00 MB reserved,       6.50 MB ( 10%) committed,  1 nodes.
      Class space:        1.00 GB reserved,       1.00 MB ( <1%) committed,  1 nodes.
             Both:        1.06 GB reserved,       7.50 MB ( <1%) committed. 

Chunk freelists:
   Non-Class:  9.52 MB
       Class:  14.89 MB
        Both:  24.41 MB

MaxMetaspaceSize: unlimited
CompressedClassSpaceSize: 1.00 GB
Initial GC threshold: 21.00 MB
Current GC threshold: 21.00 MB
CDS: on
MetaspaceReclaimPolicy: balanced
 - commit_granule_bytes: 65536.
 - commit_granule_words: 8192.
 - virtual_space_node_default_size: 8388608.
 - enlarge_chunks_in_place: 1.
 - new_chunks_are_fully_committed: 0.
 - uncommit_free_chunks: 1.
 - use_allocation_guard: 0.
 - handle_deallocations: 1.


Internal statistics:

num_allocs_failed_limit: 0.
num_arena_births: 248.
num_arena_deaths: 0.
num_vsnodes_births: 2.
num_vsnodes_deaths: 0.
num_space_committed: 120.
num_space_uncommitted: 0.
num_chunks_returned_to_freelist: 0.
num_chunks_taken_from_freelist: 437.
num_chunk_merges: 0.
num_chunk_splits: 271.
num_chunks_enlarged: 166.
num_inconsistent_stats: 0.

CodeHeap 'non-profiled nmethods': size=120000Kb used=395Kb max_used=395Kb free=119604Kb
 bounds [0x0000019d9a6c0000, 0x0000019d9a930000, 0x0000019da1bf0000]
CodeHeap 'profiled nmethods': size=120000Kb used=2174Kb max_used=2174Kb free=117825Kb
 bounds [0x0000019d92bf0000, 0x0000019d92e60000, 0x0000019d9a120000]
CodeHeap 'non-nmethods': size=5760Kb used=1175Kb max_used=1191Kb free=4584Kb
 bounds [0x0000019d9a120000, 0x0000019d9a390000, 0x0000019d9a6c0000]
 total_blobs=1704 nmethods=1234 adapters=383
 compilation: enabled
              stopped_count=0, restarted_count=0
 full_count=0

Compilation events (20 events):
Event: 0.490 Thread 0x0000019dae6921f0 nmethod 1184 0x0000019d92df9b90 code [0x0000019d92df9dc0, 0x0000019d92dfa6b8]
Event: 0.493 Thread 0x0000019dae6921f0 1185       3       java.util.jar.Manifest$FastInputStream::readLine (9 bytes)
Event: 0.493 Thread 0x0000019dae6921f0 nmethod 1185 0x0000019d92dfa910 code [0x0000019d92dfaac0, 0x0000019d92dfac28]
Event: 0.493 Thread 0x0000019dae6921f0 1186       3       java.lang.invoke.Invokers$Holder::linkToTargetMethod (9 bytes)
Event: 0.493 Thread 0x0000019dae6921f0 nmethod 1186 0x0000019d92dfad10 code [0x0000019d92dfaec0, 0x0000019d92dfb298]
Event: 0.500 Thread 0x0000019dae68ddd0 nmethod 1172 0x0000019d9a71db90 code [0x0000019d9a71ddc0, 0x0000019d9a71f2e0]
Event: 0.500 Thread 0x0000019dae68ddd0 1180       4       java.lang.StringUTF16::getChar (60 bytes)
Event: 0.500 Thread 0x0000019dae68ddd0 nmethod 1180 0x0000019d9a71fa10 code [0x0000019d9a71fb80, 0x0000019d9a71fc58]
Event: 0.500 Thread 0x0000019dae68ddd0 1182       4       java.util.Objects::equals (23 bytes)
Event: 0.501 Thread 0x0000019dae68ddd0 nmethod 1182 0x0000019d9a71fd10 code [0x0000019d9a71fe80, 0x0000019d9a71ff18]
Event: 0.501 Thread 0x0000019dae68ddd0 1187       4       java.util.zip.ZipFile::ensureOpen (40 bytes)
Event: 0.501 Thread 0x0000019dae68ddd0 nmethod 1187 0x0000019d9a720010 code [0x0000019d9a720180, 0x0000019d9a720238]
Event: 0.501 Thread 0x0000019dae68ddd0 1173       4       java.lang.System::getSecurityManager (12 bytes)
Event: 0.501 Thread 0x0000019dae6921f0 1188       1       java.util.zip.ZipEntry::getName (5 bytes)
Event: 0.501 Thread 0x0000019dae6921f0 nmethod 1188 0x0000019d9a720310 code [0x0000019d9a7204a0, 0x0000019d9a720578]
Event: 0.501 Thread 0x0000019dae68ddd0 nmethod 1173 0x0000019d9a720610 code [0x0000019d9a720780, 0x0000019d9a7207f8]
Event: 0.502 Thread 0x0000019dae68ddd0 1189       4       java.lang.StringBuilder::<init> (7 bytes)
Event: 0.503 Thread 0x0000019dae68ddd0 nmethod 1189 0x0000019d9a720910 code [0x0000019d9a720aa0, 0x0000019d9a720c58]
Event: 0.503 Thread 0x0000019dae68ddd0 1190       4       java.util.zip.ZipCoder::hash (36 bytes)
Event: 0.507 Thread 0x0000019dae6921f0 1191       3       jdk.internal.jimage.ImageStringsReader::stringFromByteBufferMatches (138 bytes)

GC Heap History (0 events):
No events

Dll operation events (10 events):
Event: 0.006 Loaded shared library C:\Users\User\.jdks\corretto-17.0.8.1\bin\java.dll
Event: 0.021 Loaded shared library C:\Users\User\.jdks\corretto-17.0.8.1\bin\jsvml.dll
Event: 0.080 Loaded shared library C:\Users\User\.jdks\corretto-17.0.8.1\bin\zip.dll
Event: 0.082 Loaded shared library C:\Users\User\.jdks\corretto-17.0.8.1\bin\instrument.dll
Event: 0.085 Loaded shared library C:\Users\User\.jdks\corretto-17.0.8.1\bin\net.dll
Event: 0.086 Loaded shared library C:\Users\User\.jdks\corretto-17.0.8.1\bin\nio.dll
Event: 0.088 Loaded shared library C:\Users\User\.jdks\corretto-17.0.8.1\bin\zip.dll
Event: 0.092 Loaded shared library C:\Program Files\JetBrains\IntelliJ IDEA Community Edition 2022.2.1\bin\breakgen64.dll
Event: 0.121 Loaded shared library C:\Users\User\.jdks\corretto-17.0.8.1\bin\verify.dll
Event: 0.126 Loaded shared library C:\Users\User\.jdks\corretto-17.0.8.1\bin\jimage.dll

Deoptimization events (20 events):
Event: 0.209 Thread 0x0000019d8b0e7430 Uncommon trap: trap_request=0xffffff45 fr.pc=0x0000019d9a6dda38 relative=0x0000000000000298
Event: 0.209 Thread 0x0000019d8b0e7430 Uncommon trap: reason=unstable_if action=reinterpret pc=0x0000019d9a6dda38 method=java.lang.String.startsWith(Ljava/lang/String;I)Z @ 14 c2
Event: 0.209 Thread 0x0000019d8b0e7430 DEOPT PACKING pc=0x0000019d9a6dda38 sp=0x00000069b1afed10
Event: 0.209 Thread 0x0000019d8b0e7430 DEOPT UNPACKING pc=0x0000019d9a1769a3 sp=0x00000069b1afec70 mode 2
Event: 0.256 Thread 0x0000019d8b0e7430 Uncommon trap: trap_request=0xffffff45 fr.pc=0x0000019d9a6d9e64 relative=0x0000000000000064
Event: 0.256 Thread 0x0000019d8b0e7430 Uncommon trap: reason=unstable_if action=reinterpret pc=0x0000019d9a6d9e64 method=java.io.WinNTFileSystem.isSlash(C)Z @ 9 c2
Event: 0.256 Thread 0x0000019d8b0e7430 DEOPT PACKING pc=0x0000019d9a6d9e64 sp=0x00000069b1afdd10
Event: 0.256 Thread 0x0000019d8b0e7430 DEOPT UNPACKING pc=0x0000019d9a1769a3 sp=0x00000069b1afdc98 mode 2
Event: 0.271 Thread 0x0000019d8b0e7430 Uncommon trap: trap_request=0xffffff45 fr.pc=0x0000019d9a6f7b6c relative=0x000000000000024c
Event: 0.271 Thread 0x0000019d8b0e7430 Uncommon trap: reason=unstable_if action=reinterpret pc=0x0000019d9a6f7b6c method=java.lang.String.startsWith(Ljava/lang/String;I)Z @ 1 c2
Event: 0.271 Thread 0x0000019d8b0e7430 DEOPT PACKING pc=0x0000019d9a6f7b6c sp=0x00000069b1afc960
Event: 0.271 Thread 0x0000019d8b0e7430 DEOPT UNPACKING pc=0x0000019d9a1769a3 sp=0x00000069b1afc8c8 mode 2
Event: 0.336 Thread 0x0000019d8b0e7430 DEOPT PACKING pc=0x0000019d92c3567e sp=0x00000069b1afdc10
Event: 0.336 Thread 0x0000019d8b0e7430 DEOPT UNPACKING pc=0x0000019d9a177143 sp=0x00000069b1afd080 mode 0
Event: 0.337 Thread 0x0000019d8b0e7430 DEOPT PACKING pc=0x0000019d92c33d3e sp=0x00000069b1afdb80
Event: 0.337 Thread 0x0000019d8b0e7430 DEOPT UNPACKING pc=0x0000019d9a177143 sp=0x00000069b1afcff8 mode 0
Event: 0.483 Thread 0x0000019d8b0e7430 Uncommon trap: trap_request=0xffffff45 fr.pc=0x0000019d9a718cc8 relative=0x0000000000000048
Event: 0.483 Thread 0x0000019d8b0e7430 Uncommon trap: reason=unstable_if action=reinterpret pc=0x0000019d9a718cc8 method=java.lang.CharacterData.of(I)Ljava/lang/CharacterData; @ 4 c2
Event: 0.483 Thread 0x0000019d8b0e7430 DEOPT PACKING pc=0x0000019d9a718cc8 sp=0x00000069b1afcc50
Event: 0.483 Thread 0x0000019d8b0e7430 DEOPT UNPACKING pc=0x0000019d9a1769a3 sp=0x00000069b1afcbf0 mode 2

Classes unloaded (0 events):
No events

Classes redefined (0 events):
No events

Internal exceptions (20 events):
Event: 0.369 Thread 0x0000019d8b0e7430 Exception <a 'java/lang/NoSuchMethodError'{0x00000007102587a8}: 'java.lang.Object java.lang.invoke.DirectMethodHandle$Holder.invokeSpecial(java.lang.Object, java.lang.Object, java.lang.Object, java.lang.Object, java.lang.Object, java.lang.Object, java.lang.Object, java.lang.Object, java.lang.Object, java.lang.Object)'> (0x00000007102587a8) 
thrown [s\src\hotspot\share\interpreter\linkResolver.cpp, line 759]
Event: 0.369 Thread 0x0000019d8b0e7430 Exception <a 'java/lang/NoSuchMethodError'{0x0000000710263488}: 'java.lang.Object java.lang.invoke.DirectMethodHandle$Holder.newInvokeSpecial(java.lang.Object, java.lang.Object, java.lang.Object, java.lang.Object, java.lang.Object, java.lang.Object, java.lang.Object, java.lang.Object, java.lang.Object)'> (0x0000000710263488) 
thrown [s\src\hotspot\share\interpreter\linkResolver.cpp, line 759]
Event: 0.370 Thread 0x0000019d8b0e7430 Exception <a 'java/lang/NoSuchMethodError'{0x00000007102687d8}: 'java.lang.Object java.lang.invoke.Invokers$Holder.linkToTargetMethod(java.lang.Object, java.lang.Object, java.lang.Object, java.lang.Object, java.lang.Object, java.lang.Object, java.lang.Object, java.lang.Object, java.lang.Object)'> (0x00000007102687d8) 
thrown [s\src\hotspot\share\interpreter\linkResolver.cpp, line 759]
Event: 0.375 Thread 0x0000019d8b0e7430 Exception <a 'java/lang/NoSuchMethodError'{0x00000007102987e0}: 'java.lang.Object java.lang.invoke.DirectMethodHandle$Holder.newInvokeSpecial(java.lang.Object, java.lang.Object, java.lang.Object, java.lang.Object, java.lang.Object, java.lang.Object, java.lang.Object)'> (0x00000007102987e0) 
thrown [s\src\hotspot\share\interpreter\linkResolver.cpp, line 759]
Event: 0.375 Thread 0x0000019d8b0e7430 Exception <a 'java/lang/NoSuchMethodError'{0x000000071029d448}: 'java.lang.Object java.lang.invoke.Invokers$Holder.linkToTargetMethod(java.lang.Object, java.lang.Object, java.lang.Object, java.lang.Object, java.lang.Object, java.lang.Object, java.lang.Object)'> (0x000000071029d448) 
thrown [s\src\hotspot\share\interpreter\linkResolver.cpp, line 759]
Event: 0.381 Thread 0x0000019d8b0e7430 Exception <a 'java/lang/NoSuchMethodError'{0x00000007102ee528}: 'java.lang.Object java.lang.invoke.DirectMethodHandle$Holder.newInvokeSpecial(java.lang.Object, java.lang.Object, java.lang.Object, java.lang.Object, java.lang.Object)'> (0x00000007102ee528) 
thrown [s\src\hotspot\share\interpreter\linkResolver.cpp, line 759]
Event: 0.384 Thread 0x0000019d8b0e7430 Exception <a 'java/lang/NoSuchMethodError'{0x000000071031dd50}: 'int java.lang.invoke.DirectMethodHandle$Holder.invokeSpecial(java.lang.Object, java.lang.Object, java.lang.Object)'> (0x000000071031dd50) 
thrown [s\src\hotspot\share\interpreter\linkResolver.cpp, line 759]
Event: 0.391 Thread 0x0000019d8b0e7430 Exception <a 'java/lang/IncompatibleClassChangeError'{0x0000000710361740}: Found class java.lang.Object, but interface was expected> (0x0000000710361740) 
thrown [s\src\hotspot\share\interpreter\linkResolver.cpp, line 826]
Event: 0.397 Thread 0x0000019d8b0e7430 Exception <a 'java/lang/NoSuchMethodError'{0x00000007103cce78}: 'java.lang.Object java.lang.invoke.Invokers$Holder.linkToTargetMethod(java.lang.Object, long, java.lang.Object)'> (0x00000007103cce78) 
thrown [s\src\hotspot\share\interpreter\linkResolver.cpp, line 759]
Event: 0.398 Thread 0x0000019d8b0e7430 Exception <a 'java/lang/NoSuchMethodError'{0x00000007103d73e8}: 'java.lang.Object java.lang.invoke.DirectMethodHandle$Holder.newInvokeSpecial(java.lang.Object, java.lang.Object, int, java.lang.Object, java.lang.Object)'> (0x00000007103d73e8) 
thrown [s\src\hotspot\share\interpreter\linkResolver.cpp, line 759]
Event: 0.401 Thread 0x0000019d8b0e7430 Exception <a 'java/lang/NoSuchMethodError'{0x000000071000b768}: 'java.lang.Object java.lang.invoke.DirectMethodHandle$Holder.invokeStatic(java.lang.Object, java.lang.Object, java.lang.Object, int, java.lang.Object, java.lang.Object)'> (0x000000071000b768) 
thrown [s\src\hotspot\share\interpreter\linkResolver.cpp, line 759]
Event: 0.402 Thread 0x0000019d8b0e7430 Exception <a 'java/lang/NoSuchMethodError'{0x0000000710013870}: 'java.lang.Object java.lang.invoke.DirectMethodHandle$Holder.newInvokeSpecial(java.lang.Object, java.lang.Object, java.lang.Object, int, java.lang.Object)'> (0x0000000710013870) 
thrown [s\src\hotspot\share\interpreter\linkResolver.cpp, line 759]
Event: 0.402 Thread 0x0000019d8b0e7430 Exception <a 'java/lang/NoSuchMethodError'{0x000000071001b240}: 'java.lang.Object java.lang.invoke.Invokers$Holder.linkToTargetMethod(java.lang.Object, java.lang.Object, int, java.lang.Object, java.lang.Object)'> (0x000000071001b240) 
thrown [s\src\hotspot\share\interpreter\linkResolver.cpp, line 759]
Event: 0.413 Thread 0x0000019d8b0e7430 Exception <a 'java/lang/NoSuchMethodError'{0x000000071007dba8}: 'void java.lang.invoke.DirectMethodHandle$Holder.invokeStatic(java.lang.Object, java.lang.Object, java.lang.Object)'> (0x000000071007dba8) 
thrown [s\src\hotspot\share\interpreter\linkResolver.cpp, line 759]
Event: 0.430 Thread 0x0000019d8b0e7430 Exception <a 'java/lang/NoSuchMethodError'{0x000000071016bf18}: 'void java.lang.invoke.DirectMethodHandle$Holder.invokeInterface(java.lang.Object, java.lang.Object)'> (0x000000071016bf18) 
thrown [s\src\hotspot\share\interpreter\linkResolver.cpp, line 759]
Event: 0.444 Thread 0x0000019d8b0e7430 Exception <a 'java/lang/IncompatibleClassChangeError'{0x000000070fe2eb20}: Found class java.lang.Object, but interface was expected> (0x000000070fe2eb20) 
thrown [s\src\hotspot\share\interpreter\linkResolver.cpp, line 826]
Event: 0.445 Thread 0x0000019d8b0e7430 Exception <a 'java/lang/NoSuchMethodError'{0x000000070fe31ad8}: 'int java.lang.invoke.DirectMethodHandle$Holder.invokeSpecial(java.lang.Object, java.lang.Object, java.lang.Object, java.lang.Object, java.lang.Object)'> (0x000000070fe31ad8) 
thrown [s\src\hotspot\share\interpreter\linkResolver.cpp, line 759]
Event: 0.476 Thread 0x0000019d8b0e7430 Exception <a 'java/net/SocketException'{0x000000070ffb2ae8}: Socket is not connected: shutdown> (0x000000070ffb2ae8) 
thrown [s\src\hotspot\share\prims\jni.cpp, line 535]
Event: 0.476 Thread 0x0000019d8b0e7430 Exception <a 'java/net/SocketException'{0x000000070ffb3380}: Socket is not connected: shutdown> (0x000000070ffb3380) 
thrown [s\src\hotspot\share\prims\jni.cpp, line 535]
Event: 0.502 Thread 0x0000019d8b0e7430 Exception <a 'java/lang/NoSuchMethodError'{0x000000070fd29b70}: 'void java.lang.invoke.DirectMethodHandle$Holder.invokeStaticInit(java.lang.Object, java.lang.Object)'> (0x000000070fd29b70) 
thrown [s\src\hotspot\share\interpreter\linkResolver.cpp, line 759]

VM Operations (16 events):
Event: 0.069 Executing VM operation: HandshakeAllThreads
Event: 0.069 Executing VM operation: HandshakeAllThreads done
Event: 0.094 Executing VM operation: HandshakeAllThreads
Event: 0.094 Executing VM operation: HandshakeAllThreads done
Event: 0.243 Executing VM operation: HandshakeAllThreads
Event: 0.243 Executing VM operation: HandshakeAllThreads done
Event: 0.256 Executing VM operation: HandshakeAllThreads
Event: 0.256 Executing VM operation: HandshakeAllThreads done
Event: 0.264 Executing VM operation: HandshakeAllThreads
Event: 0.264 Executing VM operation: HandshakeAllThreads done
Event: 0.270 Executing VM operation: HandshakeAllThreads
Event: 0.270 Executing VM operation: HandshakeAllThreads done
Event: 0.411 Executing VM operation: HandshakeAllThreads
Event: 0.411 Executing VM operation: HandshakeAllThreads done
Event: 0.483 Executing VM operation: HandshakeAllThreads
Event: 0.483 Executing VM operation: HandshakeAllThreads done

Events (20 events):
Event: 0.478 loading class jdk/internal/module/ModulePatcher$PatchedModuleReader
Event: 0.478 loading class jdk/internal/module/ModulePatcher$PatchedModuleReader done
Event: 0.478 loading class sun/net/www/protocol/jrt/Handler
Event: 0.478 loading class sun/net/www/protocol/jrt/Handler done
Event: 0.480 loading class sun/util/resources/LocaleData$CommonResourceBundleProvider
Event: 0.480 loading class sun/util/resources/LocaleData$LocaleDataResourceBundleProvider
Event: 0.480 loading class java/util/spi/ResourceBundleProvider
Event: 0.480 loading class java/util/spi/ResourceBundleProvider done
Event: 0.480 loading class sun/util/resources/LocaleData$LocaleDataResourceBundleProvider done
Event: 0.480 loading class sun/util/resources/LocaleData$CommonResourceBundleProvider done
Event: 0.481 loading class sun/util/resources/Bundles$2
Event: 0.481 loading class sun/util/resources/Bundles$2 done
Event: 0.484 loading class java/util/concurrent/Executors
Event: 0.484 loading class java/util/concurrent/Executors done
Event: 0.485 loading class java/util/concurrent/ThreadPoolExecutor
Event: 0.485 loading class java/util/concurrent/ThreadPoolExecutor done
Event: 0.485 loading class java/util/concurrent/ThreadPoolExecutor$AbortPolicy
Event: 0.485 loading class java/util/concurrent/RejectedExecutionHandler
Event: 0.485 loading class java/util/concurrent/RejectedExecutionHandler done
Event: 0.485 loading class java/util/concurrent/ThreadPoolExecutor$AbortPolicy done


Dynamic libraries:
0x00007ff610aa0000 - 0x00007ff610aad000 	C:\Users\User\.jdks\corretto-17.0.8.1\bin\java.exe
0x00007ffd34a30000 - 0x00007ffd34c25000 	C:\WINDOWS\SYSTEM32\ntdll.dll
0x00007ffd347e0000 - 0x00007ffd3489d000 	C:\WINDOWS\System32\KERNEL32.DLL
0x00007ffd323d0000 - 0x00007ffd32697000 	C:\WINDOWS\System32\KERNELBASE.dll
0x00007ffd32990000 - 0x00007ffd32a90000 	C:\WINDOWS\System32\ucrtbase.dll
0x00007ffd23ba0000 - 0x00007ffd23bb5000 	C:\Users\User\.jdks\corretto-17.0.8.1\bin\VCRUNTIME140.dll
0x00007ffd21e80000 - 0x00007ffd21e97000 	C:\Users\User\.jdks\corretto-17.0.8.1\bin\jli.dll
0x00007ffd33a40000 - 0x00007ffd33be0000 	C:\WINDOWS\System32\USER32.dll
0x00007ffd326d0000 - 0x00007ffd326f2000 	C:\WINDOWS\System32\win32u.dll
0x00007ffd141d0000 - 0x00007ffd1446b000 	C:\WINDOWS\WinSxS\amd64_microsoft.windows.common-controls_6595b64144ccf1df_6.0.19041.488_none_ca04af081b815d21\COMCTL32.dll
0x00007ffd349c0000 - 0x00007ffd349ea000 	C:\WINDOWS\System32\GDI32.dll
0x00007ffd346b0000 - 0x00007ffd3474e000 	C:\WINDOWS\System32\msvcrt.dll
0x00007ffd322c0000 - 0x00007ffd323c9000 	C:\WINDOWS\System32\gdi32full.dll
0x00007ffd32220000 - 0x00007ffd322bd000 	C:\WINDOWS\System32\msvcp_win.dll
0x00007ffd347b0000 - 0x00007ffd347e0000 	C:\WINDOWS\System32\IMM32.DLL
0x00007ffd07ba0000 - 0x00007ffd07c3b000 	C:\Users\User\.jdks\corretto-17.0.8.1\bin\msvcp140.dll
0x00007ffccc7f0000 - 0x00007ffccd40d000 	C:\Users\User\.jdks\corretto-17.0.8.1\bin\server\jvm.dll
0x00007ffd32fa0000 - 0x00007ffd3304a000 	C:\WINDOWS\System32\ADVAPI32.dll
0x00007ffd32b10000 - 0x00007ffd32bab000 	C:\WINDOWS\System32\sechost.dll
0x00007ffd33f00000 - 0x00007ffd34024000 	C:\WINDOWS\System32\RPCRT4.dll
0x00007ffd31770000 - 0x00007ffd317bb000 	C:\WINDOWS\SYSTEM32\POWRPROF.dll
0x00007ffd16c00000 - 0x00007ffd16c09000 	C:\WINDOWS\SYSTEM32\WSOCK32.dll
0x00007ffd33d10000 - 0x00007ffd33d7b000 	C:\WINDOWS\System32\WS2_32.dll
0x00007ffd25f90000 - 0x00007ffd25fb7000 	C:\WINDOWS\SYSTEM32\WINMM.dll
0x00007ffd29b50000 - 0x00007ffd29b5a000 	C:\WINDOWS\SYSTEM32\VERSION.dll
0x00007ffd315e0000 - 0x00007ffd315f2000 	C:\WINDOWS\SYSTEM32\UMPDC.dll
0x00007ffd300f0000 - 0x00007ffd30103000 	C:\WINDOWS\SYSTEM32\kernel.appcore.dll
0x00007ffd2b050000 - 0x00007ffd2b05a000 	C:\Users\User\.jdks\corretto-17.0.8.1\bin\jimage.dll
0x00007ffd29240000 - 0x00007ffd29424000 	C:\WINDOWS\SYSTEM32\DBGHELP.DLL
0x00007ffd295e0000 - 0x00007ffd2960c000 	C:\WINDOWS\SYSTEM32\dbgcore.DLL
0x00007ffd32700000 - 0x00007ffd3277f000 	C:\WINDOWS\System32\bcryptPrimitives.dll
0x00007ffd2d7c0000 - 0x00007ffd2d7ce000 	C:\Users\User\.jdks\corretto-17.0.8.1\bin\instrument.dll
0x00007ffd166f0000 - 0x00007ffd16715000 	C:\Users\User\.jdks\corretto-17.0.8.1\bin\java.dll
0x00007ffd02b60000 - 0x00007ffd02c36000 	C:\Users\User\.jdks\corretto-17.0.8.1\bin\jsvml.dll
0x00007ffd33050000 - 0x00007ffd33791000 	C:\WINDOWS\System32\SHELL32.dll
0x00007ffd302f0000 - 0x00007ffd30a83000 	C:\WINDOWS\SYSTEM32\windows.storage.dll
0x00007ffd32c40000 - 0x00007ffd32f95000 	C:\WINDOWS\System32\combase.dll
0x00007ffd31be0000 - 0x00007ffd31c0c000 	C:\WINDOWS\SYSTEM32\Wldp.dll
0x00007ffd33e50000 - 0x00007ffd33efe000 	C:\WINDOWS\System32\SHCORE.dll
0x00007ffd33820000 - 0x00007ffd33875000 	C:\WINDOWS\System32\shlwapi.dll
0x00007ffd320a0000 - 0x00007ffd320c6000 	C:\WINDOWS\SYSTEM32\profapi.dll
0x00007ffd12520000 - 0x00007ffd12538000 	C:\Users\User\.jdks\corretto-17.0.8.1\bin\zip.dll
0x00007ffd16660000 - 0x00007ffd16679000 	C:\Users\User\.jdks\corretto-17.0.8.1\bin\net.dll
0x00007ffd2a770000 - 0x00007ffd2a870000 	C:\WINDOWS\SYSTEM32\WINHTTP.dll
0x00007ffd31960000 - 0x00007ffd319ca000 	C:\WINDOWS\system32\mswsock.dll
0x00007ffd16640000 - 0x00007ffd16655000 	C:\Users\User\.jdks\corretto-17.0.8.1\bin\nio.dll
0x00007ffd29760000 - 0x00007ffd2977a000 	C:\Program Files\JetBrains\IntelliJ IDEA Community Edition 2022.2.1\bin\breakgen64.dll
0x00007ffd23420000 - 0x00007ffd23430000 	C:\Users\User\.jdks\corretto-17.0.8.1\bin\verify.dll
0x00007ffd31b30000 - 0x00007ffd31b48000 	C:\WINDOWS\SYSTEM32\CRYPTSP.dll
0x00007ffd31280000 - 0x00007ffd312b4000 	C:\WINDOWS\system32\rsaenh.dll
0x00007ffd326a0000 - 0x00007ffd326c7000 	C:\WINDOWS\System32\bcrypt.dll
0x00007ffd32060000 - 0x00007ffd3208e000 	C:\WINDOWS\SYSTEM32\USERENV.dll
0x00007ffd31b50000 - 0x00007ffd31b5c000 	C:\WINDOWS\SYSTEM32\CRYPTBASE.dll
0x00007ffd31600000 - 0x00007ffd3163b000 	C:\WINDOWS\SYSTEM32\IPHLPAPI.DLL
0x00007ffd33880000 - 0x00007ffd33889000 	C:\WINDOWS\System32\NSI.dll
0x00007ffd2cd90000 - 0x00007ffd2cda7000 	C:\WINDOWS\SYSTEM32\dhcpcsvc6.DLL
0x00007ffd2cd70000 - 0x00007ffd2cd8d000 	C:\WINDOWS\SYSTEM32\dhcpcsvc.DLL
0x00007ffd31650000 - 0x00007ffd3171b000 	C:\WINDOWS\SYSTEM32\DNSAPI.dll
0x00007ffd29b20000 - 0x00007ffd29b2a000 	C:\Windows\System32\rasadhlp.dll
0x00007ffd29540000 - 0x00007ffd295bf000 	C:\WINDOWS\System32\fwpuclnt.dll

dbghelp: loaded successfully - version: 4.0.5 - missing functions: none
symbol engine: initialized successfully - sym options: 0x614 - pdb path: .;C:\Users\User\.jdks\corretto-17.0.8.1\bin;C:\WINDOWS\SYSTEM32;C:\WINDOWS\WinSxS\amd64_microsoft.windows.common-controls_6595b64144ccf1df_6.0.19041.488_none_ca04af081b815d21;C:\Users\User\.jdks\corretto-17.0.8.1\bin\server;C:\Program Files\JetBrains\IntelliJ IDEA Community Edition 2022.2.1\bin

VM Arguments:
jvm_args: -ea -Didea.test.cyclic.buffer.size=1048576 -javaagent:C:\Program Files\JetBrains\IntelliJ IDEA Community Edition 2022.2.1\lib\idea_rt.jar=59990:C:\Program Files\JetBrains\IntelliJ IDEA Community Edition 2022.2.1\bin -Dfile.encoding=UTF-8 
java_command: com.intellij.rt.testng.RemoteTestNGStarter -usedefaultlisteners false -socket59989 @w@C:\Users\User\AppData\Local\Temp\idea_working_dirs_testng.tmp -temp C:\Users\User\AppData\Local\Temp\idea_testng.tmp
java_class_path (initial): C:\Program Files\JetBrains\IntelliJ IDEA Community Edition 2022.2.1\lib\idea_rt.jar;C:\Program Files\JetBrains\IntelliJ IDEA Community Edition 2022.2.1\plugins\testng\lib\testng-rt.jar;C:\Users\User\Desktop\ASTON\AstonAQAJava\target\test-classes;C:\Users\User\Desktop\ASTON\AstonAQAJava\target\classes;C:\Users\User\.m2\repository\org\testng\testng\7.8.0\testng-7.8.0.jar;C:\Users\User\.m2\repository\org\slf4j\slf4j-api\1.7.36\slf4j-api-1.7.36.jar;C:\Users\User\.m2\repository\com\beust\jcommander\1.82\jcommander-1.82.jar;C:\Users\User\.m2\repository\org\webjars\jquery\3.6.1\jquery-3.6.1.jar;C:\Users\User\.m2\repository\org\seleniumhq\selenium\selenium-java\4.14.1\selenium-java-4.14.1.jar;C:\Users\User\.m2\repository\org\seleniumhq\selenium\selenium-api\4.14.1\selenium-api-4.14.1.jar;C:\Users\User\.m2\repository\org\seleniumhq\selenium\selenium-chrome-driver\4.14.1\selenium-chrome-driver-4.14.1.jar;C:\Users\User\.m2\repository\com\google\auto\service\auto-service-annotations\1.1.1\auto-service-annotations-1.1.1.jar;C:\Users\User\.m2\repository\com\google\guava\guava\32.1.2-jre\guava-32.1.2-jre.jar;C:\Users\User\.m2\repository\com\google\guava\failureaccess\1.0.1\failureaccess-1.0.1.jar;C:\Users\User\.m2\repository\com\google\guava\listenablefuture\9999.0-empty-to-avoid-conflict-with-guava\listenablefuture-9999.0-empty-to-avoid-conflict-with-guava.jar;C:\Users\User\.m2\repository\com\google\code\findbugs\jsr305\3.0.2\jsr305-3.0.2.jar;C:\Users\User\.m2\repository\org\checkerframework\checker-qual\3.33.0\checker-qual-3.33.0.jar;C:\Users\User\.m2\repository\com\google\errorprone\error_prone_annotations\2.18.0\error_prone_annotations-2.18.0.jar;C:\Users\User\.m2\repository\com\google\j2objc\j2objc-annotations\2.8\j2objc-annotations-2.8.jar;C:\Users\User\.m2\repository\org\seleniumhq\selenium\selenium-chromium-driver\4.14.1\selenium-chromium-driver-4.14.1.jar;C:\Users\User\.m2\repository\org\seleniumhq\selenium\selenium-json\4.14.1\selenium-json-4
Launcher Type: SUN_STANDARD

[Global flags]
     intx CICompilerCount                          = 4                                         {product} {ergonomic}
     uint ConcGCThreads                            = 3                                         {product} {ergonomic}
     uint G1ConcRefinementThreads                  = 10                                        {product} {ergonomic}
   size_t G1HeapRegionSize                         = 2097152                                   {product} {ergonomic}
    uintx GCDrainStackTargetSize                   = 64                                        {product} {ergonomic}
   size_t InitialHeapSize                          = 268435456                                 {product} {ergonomic}
   size_t MarkStackSize                            = 4194304                                   {product} {ergonomic}
   size_t MaxHeapSize                              = 4278190080                                {product} {ergonomic}
   size_t MaxNewSize                               = 2566914048                                {product} {ergonomic}
   size_t MinHeapDeltaBytes                        = 2097152                                   {product} {ergonomic}
   size_t MinHeapSize                              = 8388608                                   {product} {ergonomic}
    uintx NonNMethodCodeHeapSize                   = 5839372                                {pd product} {ergonomic}
    uintx NonProfiledCodeHeapSize                  = 122909434                              {pd product} {ergonomic}
    uintx ProfiledCodeHeapSize                     = 122909434                              {pd product} {ergonomic}
    uintx ReservedCodeCacheSize                    = 251658240                              {pd product} {ergonomic}
     bool SegmentedCodeCache                       = true                                      {product} {ergonomic}
   size_t SoftMaxHeapSize                          = 4278190080                             {manageable} {ergonomic}
     bool UseCompressedClassPointers               = true                           {product lp64_product} {ergonomic}
     bool UseCompressedOops                        = true                           {product lp64_product} {ergonomic}
     bool UseG1GC                                  = true                                      {product} {ergonomic}
     bool UseLargePagesIndividualAllocation        = false                                  {pd product} {ergonomic}

Logging:
Log output configuration:
 #0: stdout all=warning uptime,level,tags
 #1: stderr all=off uptime,level,tags

Environment Variables:
JAVA_HOME=c:\Program Files\Java\jdk-18.0.2.1
PATH=C:\Program Files\Common Files\Oracle\Java\javapath;C:\WINDOWS\system32;C:\WINDOWS;C:\WINDOWS\System32\Wbem;C:\WINDOWS\System32\WindowsPowerShell\v1.0\;C:\WINDOWS\System32\OpenSSH\;C:\Program Files (x86)\NVIDIA Corporation\PhysX\Common;C:\Program Files\nodejs\;C:\Program Files\Git\cmd;c:\apache-maven-3.8.6\bin;C:\Program Files\MySQL\MySQL Shell 8.0\bin\;C:\Users\User\AppData\Local\Microsoft\WindowsApps;C:\Users\User\AppData\Local\Programs\Microsoft VS Code\bin;C:\Users\User\AppData\Roaming\npm;c:\Program Files\Java\jdk-18.0.2.1\bin;D:\webdrivers;
USERNAME=User
OS=Windows_NT
PROCESSOR_IDENTIFIER=AMD64 Family 23 Model 113 Stepping 0, AuthenticAMD
TMP=C:\Users\User\AppData\Local\Temp
TEMP=C:\Users\User\AppData\Local\Temp



---------------  S Y S T E M  ---------------

OS:
 Windows 10 , 64 bit Build 19041 (10.0.19041.292)
OS uptime: 5 days 22:01 hours

CPU: total 12 (initial active 12) (12 cores per cpu, 2 threads per core) family 23 model 113 stepping 0 microcode 0x0, cx8, cmov, fxsr, ht, mmx, 3dnowpref, sse, sse2, sse3, ssse3, sse4a, sse4.1, sse4.2, popcnt, lzcnt, tsc, tscinvbit, avx, avx2, aes, clmul, bmi1, bmi2, adx, sha, fma, vzeroupper, clflush, clflushopt
Processor Information for all 12 processors :
  Max Mhz: 3593, Current Mhz: 0, Mhz Limit: 3593

Memory: 4k page, system-wide physical 16313M (4378M free)
TotalPageFile size 20241M (AvailPageFile size 6M)
current process WorkingSet (physical memory assigned to process): 82M, peak: 82M
current process commit charge ("private bytes"): 374M, peak: 376M

vm_info: OpenJDK 64-Bit Server VM (17.0.8.1+8-LTS) for windows-amd64 JRE (17.0.8.1+8-LTS), built on Aug 19 2023 03:47:39 by "Administrator" with MS VC++ 15.9 (VS2017)

END.
