#
# There is insufficient memory for the Java Runtime Environment to continue.
# Native memory allocation (malloc) failed to allocate 1186784 bytes for Chunk::new
# Possible reasons:
#   The system is out of physical RAM or swap space
#   The process is running with CompressedOops enabled, and the Java Heap may be blocking the growth of the native heap
# Possible solutions:
#   Reduce memory load on the system
#   Increase physical memory or swap space
#   Check if swap backing store is full
#   Decrease Java heap size (-Xmx/-Xms)
#   Decrease number of Java threads
#   Decrease Java thread stack sizes (-Xss)
#   Set larger code cache with -XX:ReservedCodeCacheSize=
#   JVM is running with Zero Based Compressed Oops mode in which the Java heap is
#     placed in the first 32GB address space. The Java Heap base address is the
#     maximum limit for the native heap growth. Please use -XX:HeapBaseMinAddress
#     to set the Java Heap base and to place the Java Heap above 32GB virtual address.
# This output file may be truncated or incomplete.
#
#  Out of Memory Error (arena.cpp:189), pid=4148, tid=18376
#
# JRE version: OpenJDK Runtime Environment Corretto-17.0.8.8.1 (17.0.8.1+8) (build 17.0.8.1+8-LTS)
# Java VM: OpenJDK 64-Bit Server VM Corretto-17.0.8.8.1 (17.0.8.1+8-LTS, mixed mode, sharing, tiered, compressed oops, compressed class ptrs, g1 gc, windows-amd64)
# No core dump will be written. Minidumps are not enabled by default on client versions of Windows
#

---------------  S U M M A R Y ------------

Command Line: -ea -Didea.test.cyclic.buffer.size=1048576 -javaagent:C:\Program Files\JetBrains\IntelliJ IDEA Community Edition 2022.2.1\lib\idea_rt.jar=65160:C:\Program Files\JetBrains\IntelliJ IDEA Community Edition 2022.2.1\bin -Dfile.encoding=UTF-8 com.intellij.rt.testng.RemoteTestNGStarter -usedefaultlisteners false -socket65159 @w@C:\Users\User\AppData\Local\Temp\idea_working_dirs_testng.tmp -temp C:\Users\User\AppData\Local\Temp\idea_testng.tmp

Host: AMD Ryzen 5 3600 6-Core Processor              , 12 cores, 15G,  Windows 10 , 64 bit Build 19041 (10.0.19041.292)
Time: Sun Dec 17 20:26:21 2023  Windows 10 , 64 bit Build 19041 (10.0.19041.292) elapsed time: 1.263925 seconds (0d 0h 0m 1s)

---------------  T H R E A D  ---------------

Current thread (0x0000019de9222670):  JavaThread "C2 CompilerThread0" daemon [_thread_in_native, id=18376, stack(0x000000027db00000,0x000000027dc00000)]


Current CompileTask:
C2:   1263 1828       4       java.lang.invoke.MethodType::makeImpl (109 bytes)

Stack: [0x000000027db00000,0x000000027dc00000]
Native frames: (J=compiled Java code, j=interpreted, Vv=VM code, C=native code)
V  [jvm.dll+0x64c9da]
V  [jvm.dll+0x800834]
V  [jvm.dll+0x801fee]
V  [jvm.dll+0x802643]
V  [jvm.dll+0x23715b]
V  [jvm.dll+0xbd5ac]
V  [jvm.dll+0xbdb8c]
V  [jvm.dll+0x3518c7]
V  [jvm.dll+0x1b1a10]
V  [jvm.dll+0x20b12f]
V  [jvm.dll+0x20a5d7]
V  [jvm.dll+0x19a74d]
V  [jvm.dll+0x219b5d]
V  [jvm.dll+0x217cbb]
V  [jvm.dll+0x7b94bb]
V  [jvm.dll+0x7b392a]
V  [jvm.dll+0x64b845]
C  [ucrtbase.dll+0x214c2]
C  [KERNEL32.DLL+0x16fd4]
C  [ntdll.dll+0x4cec1]


---------------  P R O C E S S  ---------------

Threads class SMR info:
_java_thread_list=0x0000019deec7ebf0, length=25, elements={
0x0000019dc3cd9ca0, 0x0000019de90dec00, 0x0000019de90dfa80, 0x0000019de9219b30,
0x0000019de921a600, 0x0000019de921cfd0, 0x0000019de92209b0, 0x0000019de9222670,
0x0000019de9235da0, 0x0000019de923ee80, 0x0000019de93329c0, 0x0000019de9331a90,
0x0000019de9332ed0, 0x0000019de9459070, 0x0000019de9633a20, 0x0000019de9331580,
0x0000019de93324b0, 0x0000019de9d07f90, 0x0000019de9d084a0, 0x0000019de9d07570,
0x0000019de9d09df0, 0x0000019de9d08ec0, 0x0000019de9d07060, 0x0000019de9d0a810,
0x0000019de9d07a80
}

Java Threads: ( => current thread )
  0x0000019dc3cd9ca0 JavaThread "Forwarding newSession on session null to remote" [_thread_blocked, id=7164, stack(0x000000027ce00000,0x000000027cf00000)]
  0x0000019de90dec00 JavaThread "Reference Handler" daemon [_thread_blocked, id=2612, stack(0x000000027d500000,0x000000027d600000)]
  0x0000019de90dfa80 JavaThread "Finalizer" daemon [_thread_blocked, id=12404, stack(0x000000027d600000,0x000000027d700000)]
  0x0000019de9219b30 JavaThread "Signal Dispatcher" daemon [_thread_blocked, id=15536, stack(0x000000027d700000,0x000000027d800000)]
  0x0000019de921a600 JavaThread "Attach Listener" daemon [_thread_blocked, id=10908, stack(0x000000027d800000,0x000000027d900000)]
  0x0000019de921cfd0 JavaThread "Service Thread" daemon [_thread_blocked, id=13720, stack(0x000000027d900000,0x000000027da00000)]
  0x0000019de92209b0 JavaThread "Monitor Deflation Thread" daemon [_thread_blocked, id=18700, stack(0x000000027da00000,0x000000027db00000)]
=>0x0000019de9222670 JavaThread "C2 CompilerThread0" daemon [_thread_in_native, id=18376, stack(0x000000027db00000,0x000000027dc00000)]
  0x0000019de9235da0 JavaThread "C1 CompilerThread0" daemon [_thread_blocked, id=9444, stack(0x000000027dc00000,0x000000027dd00000)]
  0x0000019de923ee80 JavaThread "Sweeper thread" daemon [_thread_blocked, id=7748, stack(0x000000027dd00000,0x000000027de00000)]
  0x0000019de93329c0 JavaThread "Common-Cleaner" daemon [_thread_blocked, id=11632, stack(0x000000027de00000,0x000000027df00000)]
  0x0000019de9331a90 JavaThread "Monitor Ctrl-Break" daemon [_thread_in_native, id=14712, stack(0x000000027df00000,0x000000027e000000)]
  0x0000019de9332ed0 JavaThread "Notification Thread" daemon [_thread_blocked, id=21156, stack(0x000000027e000000,0x000000027e100000)]
  0x0000019de9459070 JavaThread "C2 CompilerThread1" daemon [_thread_blocked, id=2248, stack(0x000000027e200000,0x000000027e300000)]
  0x0000019de9633a20 JavaThread "C2 CompilerThread2" daemon [_thread_blocked, id=21344, stack(0x000000027e300000,0x000000027e400000)]
  0x0000019de9331580 JavaThread "ForkJoinPool.commonPool-worker-1" daemon [_thread_blocked, id=21800, stack(0x000000027ec00000,0x000000027ed00000)]
  0x0000019de93324b0 JavaThread "HttpClient-1-SelectorManager" daemon [_thread_in_native, id=12128, stack(0x000000027ed00000,0x000000027ee00000)]
  0x0000019de9d07f90 JavaThread "Thread-3" [_thread_in_native, id=2528, stack(0x000000027ee00000,0x000000027ef00000)]
  0x0000019de9d084a0 JavaThread "Driver Service Executor" daemon [_thread_blocked, id=4352, stack(0x000000027ef00000,0x000000027f000000)]
  0x0000019de9d07570 JavaThread "Driver Service Executor" daemon [_thread_in_native, id=14976, stack(0x000000027f000000,0x000000027f100000)]
  0x0000019de9d09df0 JavaThread "UrlChecker-2" daemon [_thread_blocked, id=9852, stack(0x000000027f100000,0x000000027f200000)]
  0x0000019de9d08ec0 JavaThread "Keep-Alive-Timer" daemon [_thread_blocked, id=14168, stack(0x000000027f300000,0x000000027f400000)]
  0x0000019de9d07060 JavaThread "pool-1-thread-1" [_thread_blocked, id=17916, stack(0x000000027f400000,0x000000027f500000)]
  0x0000019de9d0a810 JavaThread "pool-1-thread-2" [_thread_blocked, id=8440, stack(0x000000027f500000,0x000000027f600000)]
  0x0000019de9d07a80 JavaThread "pool-1-thread-3" [_thread_blocked, id=15588, stack(0x000000027f600000,0x000000027f700000)]

Other Threads:
  0x0000019de90d9ff0 VMThread "VM Thread" [stack: 0x000000027d400000,0x000000027d500000] [id=10356]
  0x0000019dc3d8a7c0 WatcherThread [stack: 0x000000027e100000,0x000000027e200000] [id=21644]
  0x0000019dc3d4ef70 GCTaskThread "GC Thread#0" [stack: 0x000000027cf00000,0x000000027d000000] [id=6872]
  0x0000019deef20c30 GCTaskThread "GC Thread#1" [stack: 0x000000027e400000,0x000000027e500000] [id=9848]
  0x0000019dee5f14a0 GCTaskThread "GC Thread#2" [stack: 0x000000027e500000,0x000000027e600000] [id=11440]
  0x0000019deea95010 GCTaskThread "GC Thread#3" [stack: 0x000000027e600000,0x000000027e700000] [id=11736]
  0x0000019dee5e3220 GCTaskThread "GC Thread#4" [stack: 0x000000027e700000,0x000000027e800000] [id=20272]
  0x0000019dee5e2460 GCTaskThread "GC Thread#5" [stack: 0x000000027e800000,0x000000027e900000] [id=13548]
  0x0000019dee5e21a0 GCTaskThread "GC Thread#6" [stack: 0x000000027e900000,0x000000027ea00000] [id=11080]
  0x0000019dee5e2720 GCTaskThread "GC Thread#7" [stack: 0x000000027ea00000,0x000000027eb00000] [id=13100]
  0x0000019dee5e2f60 GCTaskThread "GC Thread#8" [stack: 0x000000027eb00000,0x000000027ec00000] [id=2200]
  0x0000019dc3d5fdc0 ConcurrentGCThread "G1 Main Marker" [stack: 0x000000027d000000,0x000000027d100000] [id=10596]
  0x0000019dc3d607d0 ConcurrentGCThread "G1 Conc#0" [stack: 0x000000027d100000,0x000000027d200000] [id=8140]
  0x0000019de8f95190 ConcurrentGCThread "G1 Refine#0" [stack: 0x000000027d200000,0x000000027d300000] [id=5344]
  0x0000019de8f95ad0 ConcurrentGCThread "G1 Service" [stack: 0x000000027d300000,0x000000027d400000] [id=12200]

Threads with active compile tasks:
C2 CompilerThread0     1273 1828       4       java.lang.invoke.MethodType::makeImpl (109 bytes)

VM state: not at safepoint (normal execution)

VM Mutex/Monitor currently owned by a thread: None

Heap address: 0x0000000701000000, size: 4080 MB, Compressed Oops mode: Zero based, Oop shift amount: 3

CDS archive(s) mapped at: [0x0000019d80000000-0x0000019d80bd0000-0x0000019d80bd0000), size 12386304, SharedBaseAddress: 0x0000019d80000000, ArchiveRelocationMode: 1.
Compressed class space mapped at: 0x0000019d81000000-0x0000019dc1000000, reserved size: 1073741824
Narrow klass base: 0x0000019d80000000, Narrow klass shift: 0, Narrow klass range: 0x100000000

GC Precious Log:
 CPUs: 12 total, 12 available
 Memory: 16313M
 Large Page Support: Disabled
 NUMA Support: Disabled
 Compressed Oops: Enabled (Zero based)
 Heap Region Size: 2M
 Heap Min Capacity: 8M
 Heap Initial Capacity: 256M
 Heap Max Capacity: 4080M
 Pre-touch: Disabled
 Parallel Workers: 10
 Concurrent Workers: 3
 Concurrent Refinement Workers: 10
 Periodic GC: Disabled

Heap:
 garbage-first heap   total 262144K, used 24829K [0x0000000701000000, 0x0000000800000000)
  region size 2048K, 13 young (26624K), 2 survivors (4096K)
 Metaspace       used 15372K, committed 15744K, reserved 1114112K
  class space    used 1862K, committed 2048K, reserved 1048576K

Heap Regions: E=young(eden), S=young(survivor), O=old, HS=humongous(starts), HC=humongous(continues), CS=collection set, F=free, OA=open archive, CA=closed archive, TAMS=top-at-mark-start (previous, next)
|   0|0x0000000701000000, 0x000000070103f600, 0x0000000701200000| 12%| O|  |TAMS 0x0000000701000000, 0x0000000701000000| Untracked 
|   1|0x0000000701200000, 0x0000000701200000, 0x0000000701400000|  0%| F|  |TAMS 0x0000000701200000, 0x0000000701200000| Untracked 
|   2|0x0000000701400000, 0x0000000701400000, 0x0000000701600000|  0%| F|  |TAMS 0x0000000701400000, 0x0000000701400000| Untracked 
|   3|0x0000000701600000, 0x0000000701600000, 0x0000000701800000|  0%| F|  |TAMS 0x0000000701600000, 0x0000000701600000| Untracked 
|   4|0x0000000701800000, 0x0000000701800000, 0x0000000701a00000|  0%| F|  |TAMS 0x0000000701800000, 0x0000000701800000| Untracked 
|   5|0x0000000701a00000, 0x0000000701a00000, 0x0000000701c00000|  0%| F|  |TAMS 0x0000000701a00000, 0x0000000701a00000| Untracked 
|   6|0x0000000701c00000, 0x0000000701c00000, 0x0000000701e00000|  0%| F|  |TAMS 0x0000000701c00000, 0x0000000701c00000| Untracked 
|   7|0x0000000701e00000, 0x0000000701e00000, 0x0000000702000000|  0%| F|  |TAMS 0x0000000701e00000, 0x0000000701e00000| Untracked 
|   8|0x0000000702000000, 0x0000000702000000, 0x0000000702200000|  0%| F|  |TAMS 0x0000000702000000, 0x0000000702000000| Untracked 
|   9|0x0000000702200000, 0x0000000702200000, 0x0000000702400000|  0%| F|  |TAMS 0x0000000702200000, 0x0000000702200000| Untracked 
|  10|0x0000000702400000, 0x0000000702400000, 0x0000000702600000|  0%| F|  |TAMS 0x0000000702400000, 0x0000000702400000| Untracked 
|  11|0x0000000702600000, 0x0000000702600000, 0x0000000702800000|  0%| F|  |TAMS 0x0000000702600000, 0x0000000702600000| Untracked 
|  12|0x0000000702800000, 0x0000000702800000, 0x0000000702a00000|  0%| F|  |TAMS 0x0000000702800000, 0x0000000702800000| Untracked 
|  13|0x0000000702a00000, 0x0000000702a00000, 0x0000000702c00000|  0%| F|  |TAMS 0x0000000702a00000, 0x0000000702a00000| Untracked 
|  14|0x0000000702c00000, 0x0000000702c00000, 0x0000000702e00000|  0%| F|  |TAMS 0x0000000702c00000, 0x0000000702c00000| Untracked 
|  15|0x0000000702e00000, 0x0000000702e00000, 0x0000000703000000|  0%| F|  |TAMS 0x0000000702e00000, 0x0000000702e00000| Untracked 
|  16|0x0000000703000000, 0x0000000703000000, 0x0000000703200000|  0%| F|  |TAMS 0x0000000703000000, 0x0000000703000000| Untracked 
|  17|0x0000000703200000, 0x0000000703200000, 0x0000000703400000|  0%| F|  |TAMS 0x0000000703200000, 0x0000000703200000| Untracked 
|  18|0x0000000703400000, 0x0000000703400000, 0x0000000703600000|  0%| F|  |TAMS 0x0000000703400000, 0x0000000703400000| Untracked 
|  19|0x0000000703600000, 0x0000000703600000, 0x0000000703800000|  0%| F|  |TAMS 0x0000000703600000, 0x0000000703600000| Untracked 
|  20|0x0000000703800000, 0x0000000703800000, 0x0000000703a00000|  0%| F|  |TAMS 0x0000000703800000, 0x0000000703800000| Untracked 
|  21|0x0000000703a00000, 0x0000000703a00000, 0x0000000703c00000|  0%| F|  |TAMS 0x0000000703a00000, 0x0000000703a00000| Untracked 
|  22|0x0000000703c00000, 0x0000000703c00000, 0x0000000703e00000|  0%| F|  |TAMS 0x0000000703c00000, 0x0000000703c00000| Untracked 
|  23|0x0000000703e00000, 0x0000000703e00000, 0x0000000704000000|  0%| F|  |TAMS 0x0000000703e00000, 0x0000000703e00000| Untracked 
|  24|0x0000000704000000, 0x0000000704000000, 0x0000000704200000|  0%| F|  |TAMS 0x0000000704000000, 0x0000000704000000| Untracked 
|  25|0x0000000704200000, 0x0000000704200000, 0x0000000704400000|  0%| F|  |TAMS 0x0000000704200000, 0x0000000704200000| Untracked 
|  26|0x0000000704400000, 0x0000000704400000, 0x0000000704600000|  0%| F|  |TAMS 0x0000000704400000, 0x0000000704400000| Untracked 
|  27|0x0000000704600000, 0x0000000704600000, 0x0000000704800000|  0%| F|  |TAMS 0x0000000704600000, 0x0000000704600000| Untracked 
|  28|0x0000000704800000, 0x0000000704800000, 0x0000000704a00000|  0%| F|  |TAMS 0x0000000704800000, 0x0000000704800000| Untracked 
|  29|0x0000000704a00000, 0x0000000704a00000, 0x0000000704c00000|  0%| F|  |TAMS 0x0000000704a00000, 0x0000000704a00000| Untracked 
|  30|0x0000000704c00000, 0x0000000704c00000, 0x0000000704e00000|  0%| F|  |TAMS 0x0000000704c00000, 0x0000000704c00000| Untracked 
|  31|0x0000000704e00000, 0x0000000704e00000, 0x0000000705000000|  0%| F|  |TAMS 0x0000000704e00000, 0x0000000704e00000| Untracked 
|  32|0x0000000705000000, 0x0000000705000000, 0x0000000705200000|  0%| F|  |TAMS 0x0000000705000000, 0x0000000705000000| Untracked 
|  33|0x0000000705200000, 0x0000000705200000, 0x0000000705400000|  0%| F|  |TAMS 0x0000000705200000, 0x0000000705200000| Untracked 
|  34|0x0000000705400000, 0x0000000705400000, 0x0000000705600000|  0%| F|  |TAMS 0x0000000705400000, 0x0000000705400000| Untracked 
|  35|0x0000000705600000, 0x0000000705600000, 0x0000000705800000|  0%| F|  |TAMS 0x0000000705600000, 0x0000000705600000| Untracked 
|  36|0x0000000705800000, 0x0000000705800000, 0x0000000705a00000|  0%| F|  |TAMS 0x0000000705800000, 0x0000000705800000| Untracked 
|  37|0x0000000705a00000, 0x0000000705a00000, 0x0000000705c00000|  0%| F|  |TAMS 0x0000000705a00000, 0x0000000705a00000| Untracked 
|  38|0x0000000705c00000, 0x0000000705c00000, 0x0000000705e00000|  0%| F|  |TAMS 0x0000000705c00000, 0x0000000705c00000| Untracked 
|  39|0x0000000705e00000, 0x0000000705e00000, 0x0000000706000000|  0%| F|  |TAMS 0x0000000705e00000, 0x0000000705e00000| Untracked 
|  40|0x0000000706000000, 0x0000000706000000, 0x0000000706200000|  0%| F|  |TAMS 0x0000000706000000, 0x0000000706000000| Untracked 
|  41|0x0000000706200000, 0x0000000706200000, 0x0000000706400000|  0%| F|  |TAMS 0x0000000706200000, 0x0000000706200000| Untracked 
|  42|0x0000000706400000, 0x0000000706400000, 0x0000000706600000|  0%| F|  |TAMS 0x0000000706400000, 0x0000000706400000| Untracked 
|  43|0x0000000706600000, 0x0000000706600000, 0x0000000706800000|  0%| F|  |TAMS 0x0000000706600000, 0x0000000706600000| Untracked 
|  44|0x0000000706800000, 0x0000000706800000, 0x0000000706a00000|  0%| F|  |TAMS 0x0000000706800000, 0x0000000706800000| Untracked 
|  45|0x0000000706a00000, 0x0000000706a00000, 0x0000000706c00000|  0%| F|  |TAMS 0x0000000706a00000, 0x0000000706a00000| Untracked 
|  46|0x0000000706c00000, 0x0000000706c00000, 0x0000000706e00000|  0%| F|  |TAMS 0x0000000706c00000, 0x0000000706c00000| Untracked 
|  47|0x0000000706e00000, 0x0000000706e00000, 0x0000000707000000|  0%| F|  |TAMS 0x0000000706e00000, 0x0000000706e00000| Untracked 
|  48|0x0000000707000000, 0x0000000707000000, 0x0000000707200000|  0%| F|  |TAMS 0x0000000707000000, 0x0000000707000000| Untracked 
|  49|0x0000000707200000, 0x0000000707200000, 0x0000000707400000|  0%| F|  |TAMS 0x0000000707200000, 0x0000000707200000| Untracked 
|  50|0x0000000707400000, 0x0000000707400000, 0x0000000707600000|  0%| F|  |TAMS 0x0000000707400000, 0x0000000707400000| Untracked 
|  51|0x0000000707600000, 0x0000000707600000, 0x0000000707800000|  0%| F|  |TAMS 0x0000000707600000, 0x0000000707600000| Untracked 
|  52|0x0000000707800000, 0x0000000707800000, 0x0000000707a00000|  0%| F|  |TAMS 0x0000000707800000, 0x0000000707800000| Untracked 
|  53|0x0000000707a00000, 0x0000000707a00000, 0x0000000707c00000|  0%| F|  |TAMS 0x0000000707a00000, 0x0000000707a00000| Untracked 
|  54|0x0000000707c00000, 0x0000000707c00000, 0x0000000707e00000|  0%| F|  |TAMS 0x0000000707c00000, 0x0000000707c00000| Untracked 
|  55|0x0000000707e00000, 0x0000000707e00000, 0x0000000708000000|  0%| F|  |TAMS 0x0000000707e00000, 0x0000000707e00000| Untracked 
|  56|0x0000000708000000, 0x0000000708000000, 0x0000000708200000|  0%| F|  |TAMS 0x0000000708000000, 0x0000000708000000| Untracked 
|  57|0x0000000708200000, 0x0000000708200000, 0x0000000708400000|  0%| F|  |TAMS 0x0000000708200000, 0x0000000708200000| Untracked 
|  58|0x0000000708400000, 0x0000000708400000, 0x0000000708600000|  0%| F|  |TAMS 0x0000000708400000, 0x0000000708400000| Untracked 
|  59|0x0000000708600000, 0x0000000708600000, 0x0000000708800000|  0%| F|  |TAMS 0x0000000708600000, 0x0000000708600000| Untracked 
|  60|0x0000000708800000, 0x0000000708800000, 0x0000000708a00000|  0%| F|  |TAMS 0x0000000708800000, 0x0000000708800000| Untracked 
|  61|0x0000000708a00000, 0x0000000708a00000, 0x0000000708c00000|  0%| F|  |TAMS 0x0000000708a00000, 0x0000000708a00000| Untracked 
|  62|0x0000000708c00000, 0x0000000708c00000, 0x0000000708e00000|  0%| F|  |TAMS 0x0000000708c00000, 0x0000000708c00000| Untracked 
|  63|0x0000000708e00000, 0x0000000708e00000, 0x0000000709000000|  0%| F|  |TAMS 0x0000000708e00000, 0x0000000708e00000| Untracked 
|  64|0x0000000709000000, 0x0000000709000000, 0x0000000709200000|  0%| F|  |TAMS 0x0000000709000000, 0x0000000709000000| Untracked 
|  65|0x0000000709200000, 0x0000000709200000, 0x0000000709400000|  0%| F|  |TAMS 0x0000000709200000, 0x0000000709200000| Untracked 
|  66|0x0000000709400000, 0x0000000709400000, 0x0000000709600000|  0%| F|  |TAMS 0x0000000709400000, 0x0000000709400000| Untracked 
|  67|0x0000000709600000, 0x0000000709600000, 0x0000000709800000|  0%| F|  |TAMS 0x0000000709600000, 0x0000000709600000| Untracked 
|  68|0x0000000709800000, 0x0000000709800000, 0x0000000709a00000|  0%| F|  |TAMS 0x0000000709800000, 0x0000000709800000| Untracked 
|  69|0x0000000709a00000, 0x0000000709a00000, 0x0000000709c00000|  0%| F|  |TAMS 0x0000000709a00000, 0x0000000709a00000| Untracked 
|  70|0x0000000709c00000, 0x0000000709c00000, 0x0000000709e00000|  0%| F|  |TAMS 0x0000000709c00000, 0x0000000709c00000| Untracked 
|  71|0x0000000709e00000, 0x0000000709e00000, 0x000000070a000000|  0%| F|  |TAMS 0x0000000709e00000, 0x0000000709e00000| Untracked 
|  72|0x000000070a000000, 0x000000070a000000, 0x000000070a200000|  0%| F|  |TAMS 0x000000070a000000, 0x000000070a000000| Untracked 
|  73|0x000000070a200000, 0x000000070a200000, 0x000000070a400000|  0%| F|  |TAMS 0x000000070a200000, 0x000000070a200000| Untracked 
|  74|0x000000070a400000, 0x000000070a400000, 0x000000070a600000|  0%| F|  |TAMS 0x000000070a400000, 0x000000070a400000| Untracked 
|  75|0x000000070a600000, 0x000000070a600000, 0x000000070a800000|  0%| F|  |TAMS 0x000000070a600000, 0x000000070a600000| Untracked 
|  76|0x000000070a800000, 0x000000070a800000, 0x000000070aa00000|  0%| F|  |TAMS 0x000000070a800000, 0x000000070a800000| Untracked 
|  77|0x000000070aa00000, 0x000000070aa00000, 0x000000070ac00000|  0%| F|  |TAMS 0x000000070aa00000, 0x000000070aa00000| Untracked 
|  78|0x000000070ac00000, 0x000000070ac00000, 0x000000070ae00000|  0%| F|  |TAMS 0x000000070ac00000, 0x000000070ac00000| Untracked 
|  79|0x000000070ae00000, 0x000000070ae00000, 0x000000070b000000|  0%| F|  |TAMS 0x000000070ae00000, 0x000000070ae00000| Untracked 
|  80|0x000000070b000000, 0x000000070b000000, 0x000000070b200000|  0%| F|  |TAMS 0x000000070b000000, 0x000000070b000000| Untracked 
|  81|0x000000070b200000, 0x000000070b200000, 0x000000070b400000|  0%| F|  |TAMS 0x000000070b200000, 0x000000070b200000| Untracked 
|  82|0x000000070b400000, 0x000000070b400000, 0x000000070b600000|  0%| F|  |TAMS 0x000000070b400000, 0x000000070b400000| Untracked 
|  83|0x000000070b600000, 0x000000070b600000, 0x000000070b800000|  0%| F|  |TAMS 0x000000070b600000, 0x000000070b600000| Untracked 
|  84|0x000000070b800000, 0x000000070b800000, 0x000000070ba00000|  0%| F|  |TAMS 0x000000070b800000, 0x000000070b800000| Untracked 
|  85|0x000000070ba00000, 0x000000070ba00000, 0x000000070bc00000|  0%| F|  |TAMS 0x000000070ba00000, 0x000000070ba00000| Untracked 
|  86|0x000000070bc00000, 0x000000070bc00000, 0x000000070be00000|  0%| F|  |TAMS 0x000000070bc00000, 0x000000070bc00000| Untracked 
|  87|0x000000070be00000, 0x000000070be00000, 0x000000070c000000|  0%| F|  |TAMS 0x000000070be00000, 0x000000070be00000| Untracked 
|  88|0x000000070c000000, 0x000000070c000000, 0x000000070c200000|  0%| F|  |TAMS 0x000000070c000000, 0x000000070c000000| Untracked 
|  89|0x000000070c200000, 0x000000070c200000, 0x000000070c400000|  0%| F|  |TAMS 0x000000070c200000, 0x000000070c200000| Untracked 
|  90|0x000000070c400000, 0x000000070c400000, 0x000000070c600000|  0%| F|  |TAMS 0x000000070c400000, 0x000000070c400000| Untracked 
|  91|0x000000070c600000, 0x000000070c600000, 0x000000070c800000|  0%| F|  |TAMS 0x000000070c600000, 0x000000070c600000| Untracked 
|  92|0x000000070c800000, 0x000000070c800000, 0x000000070ca00000|  0%| F|  |TAMS 0x000000070c800000, 0x000000070c800000| Untracked 
|  93|0x000000070ca00000, 0x000000070ca00000, 0x000000070cc00000|  0%| F|  |TAMS 0x000000070ca00000, 0x000000070ca00000| Untracked 
|  94|0x000000070cc00000, 0x000000070cc00000, 0x000000070ce00000|  0%| F|  |TAMS 0x000000070cc00000, 0x000000070cc00000| Untracked 
|  95|0x000000070ce00000, 0x000000070ce00000, 0x000000070d000000|  0%| F|  |TAMS 0x000000070ce00000, 0x000000070ce00000| Untracked 
|  96|0x000000070d000000, 0x000000070d000000, 0x000000070d200000|  0%| F|  |TAMS 0x000000070d000000, 0x000000070d000000| Untracked 
|  97|0x000000070d200000, 0x000000070d200000, 0x000000070d400000|  0%| F|  |TAMS 0x000000070d200000, 0x000000070d200000| Untracked 
|  98|0x000000070d400000, 0x000000070d400000, 0x000000070d600000|  0%| F|  |TAMS 0x000000070d400000, 0x000000070d400000| Untracked 
|  99|0x000000070d600000, 0x000000070d600000, 0x000000070d800000|  0%| F|  |TAMS 0x000000070d600000, 0x000000070d600000| Untracked 
| 100|0x000000070d800000, 0x000000070d800000, 0x000000070da00000|  0%| F|  |TAMS 0x000000070d800000, 0x000000070d800000| Untracked 
| 101|0x000000070da00000, 0x000000070da00000, 0x000000070dc00000|  0%| F|  |TAMS 0x000000070da00000, 0x000000070da00000| Untracked 
| 102|0x000000070dc00000, 0x000000070dc00000, 0x000000070de00000|  0%| F|  |TAMS 0x000000070dc00000, 0x000000070dc00000| Untracked 
| 103|0x000000070de00000, 0x000000070de00000, 0x000000070e000000|  0%| F|  |TAMS 0x000000070de00000, 0x000000070de00000| Untracked 
| 104|0x000000070e000000, 0x000000070e000000, 0x000000070e200000|  0%| F|  |TAMS 0x000000070e000000, 0x000000070e000000| Untracked 
| 105|0x000000070e200000, 0x000000070e200000, 0x000000070e400000|  0%| F|  |TAMS 0x000000070e200000, 0x000000070e200000| Untracked 
| 106|0x000000070e400000, 0x000000070e400000, 0x000000070e600000|  0%| F|  |TAMS 0x000000070e400000, 0x000000070e400000| Untracked 
| 107|0x000000070e600000, 0x000000070e600000, 0x000000070e800000|  0%| F|  |TAMS 0x000000070e600000, 0x000000070e600000| Untracked 
| 108|0x000000070e800000, 0x000000070e800000, 0x000000070ea00000|  0%| F|  |TAMS 0x000000070e800000, 0x000000070e800000| Untracked 
| 109|0x000000070ea00000, 0x000000070ea00000, 0x000000070ec00000|  0%| F|  |TAMS 0x000000070ea00000, 0x000000070ea00000| Untracked 
| 110|0x000000070ec00000, 0x000000070ec00000, 0x000000070ee00000|  0%| F|  |TAMS 0x000000070ec00000, 0x000000070ec00000| Untracked 
| 111|0x000000070ee00000, 0x000000070ee00000, 0x000000070f000000|  0%| F|  |TAMS 0x000000070ee00000, 0x000000070ee00000| Untracked 
| 112|0x000000070f000000, 0x000000070f000000, 0x000000070f200000|  0%| F|  |TAMS 0x000000070f000000, 0x000000070f000000| Untracked 
| 113|0x000000070f200000, 0x000000070f200000, 0x000000070f400000|  0%| F|  |TAMS 0x000000070f200000, 0x000000070f200000| Untracked 
| 114|0x000000070f400000, 0x000000070f400000, 0x000000070f600000|  0%| F|  |TAMS 0x000000070f400000, 0x000000070f400000| Untracked 
| 115|0x000000070f600000, 0x000000070f800000, 0x000000070f800000|100%| S|CS|TAMS 0x000000070f600000, 0x000000070f600000| Complete 
| 116|0x000000070f800000, 0x000000070fa00000, 0x000000070fa00000|100%| S|CS|TAMS 0x000000070f800000, 0x000000070f800000| Complete 
| 117|0x000000070fa00000, 0x000000070fa33cd8, 0x000000070fc00000| 10%| E|  |TAMS 0x000000070fa00000, 0x000000070fa00000| Complete 
| 118|0x000000070fc00000, 0x000000070fe00000, 0x000000070fe00000|100%| E|CS|TAMS 0x000000070fc00000, 0x000000070fc00000| Complete 
| 119|0x000000070fe00000, 0x0000000710000000, 0x0000000710000000|100%| E|CS|TAMS 0x000000070fe00000, 0x000000070fe00000| Complete 
| 120|0x0000000710000000, 0x0000000710200000, 0x0000000710200000|100%| E|CS|TAMS 0x0000000710000000, 0x0000000710000000| Complete 
| 121|0x0000000710200000, 0x0000000710400000, 0x0000000710400000|100%| E|CS|TAMS 0x0000000710200000, 0x0000000710200000| Complete 
| 122|0x0000000710400000, 0x0000000710600000, 0x0000000710600000|100%| E|CS|TAMS 0x0000000710400000, 0x0000000710400000| Complete 
| 123|0x0000000710600000, 0x0000000710800000, 0x0000000710800000|100%| E|CS|TAMS 0x0000000710600000, 0x0000000710600000| Complete 
| 124|0x0000000710800000, 0x0000000710a00000, 0x0000000710a00000|100%| E|CS|TAMS 0x0000000710800000, 0x0000000710800000| Complete 
| 125|0x0000000710a00000, 0x0000000710c00000, 0x0000000710c00000|100%| E|CS|TAMS 0x0000000710a00000, 0x0000000710a00000| Complete 
| 126|0x0000000710c00000, 0x0000000710e00000, 0x0000000710e00000|100%| E|CS|TAMS 0x0000000710c00000, 0x0000000710c00000| Complete 
| 127|0x0000000710e00000, 0x0000000711000000, 0x0000000711000000|100%| E|CS|TAMS 0x0000000710e00000, 0x0000000710e00000| Complete 

Card table byte_map: [0x0000019ddd440000,0x0000019dddc40000] _byte_map_base: 0x0000019dd9c38000

Marking Bits (Prev, Next): (CMBitMap*) 0x0000019dc3d4f590, (CMBitMap*) 0x0000019dc3d4f5d0
 Prev Bits: [0x0000019dde440000, 0x0000019de2400000)
 Next Bits: [0x0000019de2400000, 0x0000019de63c0000)

Polling page: 0x0000019dc3da0000

Metaspace:

Usage:
  Non-class:     13.19 MB used.
      Class:      1.82 MB used.
       Both:     15.01 MB used.

Virtual space:
  Non-class space:       64.00 MB reserved,      13.38 MB ( 21%) committed,  1 nodes.
      Class space:        1.00 GB reserved,       2.00 MB ( <1%) committed,  1 nodes.
             Both:        1.06 GB reserved,      15.38 MB (  1%) committed. 

Chunk freelists:
   Non-Class:  2.64 MB
       Class:  13.92 MB
        Both:  16.56 MB

MaxMetaspaceSize: unlimited
CompressedClassSpaceSize: 1.00 GB
Initial GC threshold: 21.00 MB
Current GC threshold: 21.00 MB
CDS: on
MetaspaceReclaimPolicy: balanced
 - commit_granule_bytes: 65536.
 - commit_granule_words: 8192.
 - virtual_space_node_default_size: 8388608.
 - enlarge_chunks_in_place: 1.
 - new_chunks_are_fully_committed: 0.
 - uncommit_free_chunks: 1.
 - use_allocation_guard: 0.
 - handle_deallocations: 1.


Internal statistics:

num_allocs_failed_limit: 0.
num_arena_births: 342.
num_arena_deaths: 0.
num_vsnodes_births: 2.
num_vsnodes_deaths: 0.
num_space_committed: 246.
num_space_uncommitted: 0.
num_chunks_returned_to_freelist: 0.
num_chunks_taken_from_freelist: 719.
num_chunk_merges: 0.
num_chunk_splits: 446.
num_chunks_enlarged: 287.
num_inconsistent_stats: 0.

CodeHeap 'non-profiled nmethods': size=120000Kb used=741Kb max_used=741Kb free=119258Kb
 bounds [0x0000019dd4a80000, 0x0000019dd4cf0000, 0x0000019ddbfb0000]
CodeHeap 'profiled nmethods': size=120000Kb used=3750Kb max_used=3750Kb free=116249Kb
 bounds [0x0000019dccfb0000, 0x0000019dcd360000, 0x0000019dd44e0000]
CodeHeap 'non-nmethods': size=5760Kb used=1233Kb max_used=1250Kb free=4526Kb
 bounds [0x0000019dd44e0000, 0x0000019dd4750000, 0x0000019dd4a80000]
 total_blobs=2472 nmethods=1930 adapters=454
 compilation: enabled
              stopped_count=0, restarted_count=0
 full_count=0

Compilation events (20 events):
Event: 1.236 Thread 0x0000019de9235da0 1921       3       java.util.concurrent.ConcurrentHashMap::get (162 bytes)
Event: 1.236 Thread 0x0000019de9235da0 nmethod 1921 0x0000019dcd352a90 code [0x0000019dcd352ce0, 0x0000019dcd3537e8]
Event: 1.236 Thread 0x0000019de9235da0 1922       3       java.util.concurrent.ConcurrentHashMap::addCount (280 bytes)
Event: 1.237 Thread 0x0000019de9235da0 nmethod 1922 0x0000019dcd353b10 code [0x0000019dcd353d60, 0x0000019dcd354738]
Event: 1.237 Thread 0x0000019de9235da0 1925       3       java.lang.invoke.MethodType$ConcurrentWeakInternSet::get (47 bytes)
Event: 1.237 Thread 0x0000019de9235da0 nmethod 1925 0x0000019dcd354a10 code [0x0000019dcd354c40, 0x0000019dcd3555d8]
Event: 1.237 Thread 0x0000019de9235da0 1924       3       java.lang.invoke.MethodHandles$Lookup::checkMethod (87 bytes)
Event: 1.237 Thread 0x0000019de9235da0 nmethod 1924 0x0000019dcd355910 code [0x0000019dcd355b20, 0x0000019dcd356298]
Event: 1.237 Thread 0x0000019de9235da0 1926       3       java.lang.invoke.MemberName::asSpecial (89 bytes)
Event: 1.237 Thread 0x0000019de9235da0 nmethod 1926 0x0000019dcd356510 code [0x0000019dcd3567e0, 0x0000019dcd3574a8]
Event: 1.239 Thread 0x0000019de9235da0 1927       3       java.lang.invoke.LambdaProxyClassArchive::loadedByBuiltinLoader (22 bytes)
Event: 1.240 Thread 0x0000019de9633a20 1930       4       jdk.internal.org.objectweb.asm.ByteVector::put122 (93 bytes)
Event: 1.240 Thread 0x0000019de9235da0 nmethod 1927 0x0000019dcd357910 code [0x0000019dcd357b60, 0x0000019dcd358718]
Event: 1.240 Thread 0x0000019de9235da0 1928       3       jdk.internal.misc.CDS::isSharingEnabled (4 bytes)
Event: 1.240 Thread 0x0000019de9235da0 nmethod 1928 0x0000019dcd358a90 code [0x0000019dcd358c20, 0x0000019dcd358d18]
Event: 1.240 Thread 0x0000019de9235da0 1929       1       java.util.concurrent.locks.AbstractQueuedSynchronizer::setState (6 bytes)
Event: 1.240 Thread 0x0000019de9235da0 nmethod 1929 0x0000019dd4b38a10 code [0x0000019dd4b38ba0, 0x0000019dd4b38c78]
Event: 1.240 Thread 0x0000019de9235da0 1931       3       java.lang.invoke.LambdaProxyClassArchive::find (63 bytes)
Event: 1.240 Thread 0x0000019de9235da0 nmethod 1931 0x0000019dcd358d90 code [0x0000019dcd358fc0, 0x0000019dcd359898]
Event: 1.243 Thread 0x0000019de9633a20 nmethod 1930 0x0000019dd4b38d10 code [0x0000019dd4b38ea0, 0x0000019dd4b393f8]

GC Heap History (2 events):
Event: 0.876 GC heap before
{Heap before GC invocations=0 (full 0):
 garbage-first heap   total 262144K, used 22528K [0x0000000701000000, 0x0000000800000000)
  region size 2048K, 11 young (22528K), 0 survivors (0K)
 Metaspace       used 7890K, committed 8192K, reserved 1114112K
  class space    used 945K, committed 1088K, reserved 1048576K
}
Event: 0.879 GC heap after
{Heap after GC invocations=1 (full 0):
 garbage-first heap   total 262144K, used 4349K [0x0000000701000000, 0x0000000800000000)
  region size 2048K, 2 young (4096K), 2 survivors (4096K)
 Metaspace       used 7890K, committed 8192K, reserved 1114112K
  class space    used 945K, committed 1088K, reserved 1048576K
}

Dll operation events (11 events):
Event: 0.005 Loaded shared library C:\Users\User\.jdks\corretto-17.0.8.1\bin\java.dll
Event: 0.019 Loaded shared library C:\Users\User\.jdks\corretto-17.0.8.1\bin\jsvml.dll
Event: 0.075 Loaded shared library C:\Users\User\.jdks\corretto-17.0.8.1\bin\zip.dll
Event: 0.077 Loaded shared library C:\Users\User\.jdks\corretto-17.0.8.1\bin\instrument.dll
Event: 0.080 Loaded shared library C:\Users\User\.jdks\corretto-17.0.8.1\bin\net.dll
Event: 0.081 Loaded shared library C:\Users\User\.jdks\corretto-17.0.8.1\bin\nio.dll
Event: 0.083 Loaded shared library C:\Users\User\.jdks\corretto-17.0.8.1\bin\zip.dll
Event: 0.085 Loaded shared library C:\Program Files\JetBrains\IntelliJ IDEA Community Edition 2022.2.1\bin\breakgen64.dll
Event: 0.111 Loaded shared library C:\Users\User\.jdks\corretto-17.0.8.1\bin\verify.dll
Event: 0.115 Loaded shared library C:\Users\User\.jdks\corretto-17.0.8.1\bin\jimage.dll
Event: 1.031 Loaded shared library C:\Users\User\.jdks\corretto-17.0.8.1\bin\sunmscapi.dll

Deoptimization events (20 events):
Event: 1.234 Thread 0x0000019de93324b0 Uncommon trap: trap_request=0xffffff45 fr.pc=0x0000019dd4b26574 relative=0x00000000000001b4
Event: 1.234 Thread 0x0000019de93324b0 Uncommon trap: reason=unstable_if action=reinterpret pc=0x0000019dd4b26574 method=java.util.concurrent.ConcurrentHashMap.addCount(JI)V @ 171 c2
Event: 1.234 Thread 0x0000019de93324b0 DEOPT PACKING pc=0x0000019dd4b26574 sp=0x000000027edfde10
Event: 1.234 Thread 0x0000019de93324b0 DEOPT UNPACKING pc=0x0000019dd45369a3 sp=0x000000027edfdd50 mode 2
Event: 1.234 Thread 0x0000019de9d07060 Uncommon trap: trap_request=0xffffff45 fr.pc=0x0000019dd4b20644 relative=0x00000000000011e4
Event: 1.234 Thread 0x0000019de9d07060 Uncommon trap: reason=unstable_if action=reinterpret pc=0x0000019dd4b20644 method=java.util.concurrent.ConcurrentHashMap.transfer([Ljava/util/concurrent/ConcurrentHashMap$Node;[Ljava/util/concurrent/ConcurrentHashMap$Node;)V @ 273 c2
Event: 1.234 Thread 0x0000019de9d07060 DEOPT PACKING pc=0x0000019dd4b20644 sp=0x000000027f4fdd50
Event: 1.234 Thread 0x0000019de9d07060 DEOPT UNPACKING pc=0x0000019dd45369a3 sp=0x000000027f4fdcc0 mode 2
Event: 1.234 Thread 0x0000019de9d07060 Uncommon trap: trap_request=0xffffff45 fr.pc=0x0000019dd4b26574 relative=0x00000000000001b4
Event: 1.234 Thread 0x0000019de9d07060 Uncommon trap: reason=unstable_if action=reinterpret pc=0x0000019dd4b26574 method=java.util.concurrent.ConcurrentHashMap.addCount(JI)V @ 171 c2
Event: 1.234 Thread 0x0000019de9d07060 DEOPT PACKING pc=0x0000019dd4b26574 sp=0x000000027f4fde30
Event: 1.234 Thread 0x0000019de9d07060 DEOPT UNPACKING pc=0x0000019dd45369a3 sp=0x000000027f4fdd70 mode 2
Event: 1.234 Thread 0x0000019de9d07060 Uncommon trap: trap_request=0xffffff45 fr.pc=0x0000019dd4b31bbc relative=0x0000000000000a3c
Event: 1.234 Thread 0x0000019de9d07060 Uncommon trap: reason=unstable_if action=reinterpret pc=0x0000019dd4b31bbc method=java.util.concurrent.ConcurrentHashMap.get(Ljava/lang/Object;)Ljava/lang/Object; @ 86 c2
Event: 1.234 Thread 0x0000019de9d07060 DEOPT PACKING pc=0x0000019dd4b31bbc sp=0x000000027f4fda20
Event: 1.234 Thread 0x0000019de9d07060 DEOPT UNPACKING pc=0x0000019dd45369a3 sp=0x000000027f4fd950 mode 2
Event: 1.234 Thread 0x0000019de9d07060 Uncommon trap: trap_request=0xffffff45 fr.pc=0x0000019dd4ad0f08 relative=0x0000000000000268
Event: 1.234 Thread 0x0000019de9d07060 Uncommon trap: reason=unstable_if action=reinterpret pc=0x0000019dd4ad0f08 method=java.util.concurrent.ConcurrentHashMap.get(Ljava/lang/Object;)Ljava/lang/Object; @ 86 c2
Event: 1.234 Thread 0x0000019de9d07060 DEOPT PACKING pc=0x0000019dd4ad0f08 sp=0x000000027f4fd8a0
Event: 1.234 Thread 0x0000019de9d07060 DEOPT UNPACKING pc=0x0000019dd45369a3 sp=0x000000027f4fd818 mode 2

Classes unloaded (0 events):
No events

Classes redefined (0 events):
No events

Internal exceptions (20 events):
Event: 0.870 Thread 0x0000019dc3cd9ca0 Exception <a 'java/lang/NoSuchMethodError'{0x000000070fbba178}: 'java.lang.Object java.lang.invoke.DirectMethodHandle$Holder.invokeVirtual(java.lang.Object, java.lang.Object, java.lang.Object)'> (0x000000070fbba178) 
thrown [s\src\hotspot\share\interpreter\linkResolver.cpp, line 759]
Event: 0.924 Thread 0x0000019dc3cd9ca0 Exception <a 'java/lang/NoSuchMethodError'{0x0000000710cd4790}: 'java.lang.Object java.lang.invoke.DirectMethodHandle$Holder.invokeStatic(java.lang.Object, java.lang.Object, int)'> (0x0000000710cd4790) 
thrown [s\src\hotspot\share\interpreter\linkResolver.cpp, line 759]
Event: 0.924 Thread 0x0000019dc3cd9ca0 Exception <a 'java/lang/NoSuchMethodError'{0x0000000710cd8080}: 'java.lang.Object java.lang.invoke.DirectMethodHandle$Holder.invokeStaticInit(java.lang.Object, java.lang.Object, int)'> (0x0000000710cd8080) 
thrown [s\src\hotspot\share\interpreter\linkResolver.cpp, line 759]
Event: 0.925 Thread 0x0000019dc3cd9ca0 Exception <a 'java/lang/NoSuchMethodError'{0x0000000710cde238}: 'java.lang.Object java.lang.invoke.DirectMethodHandle$Holder.newInvokeSpecial(java.lang.Object, java.lang.Object, int)'> (0x0000000710cde238) 
thrown [s\src\hotspot\share\interpreter\linkResolver.cpp, line 759]
Event: 0.926 Thread 0x0000019dc3cd9ca0 Exception <a 'java/lang/NoSuchMethodError'{0x0000000710cf93b8}: 'int java.lang.invoke.DirectMethodHandle$Holder.invokeSpecialIFC(java.lang.Object, java.lang.Object, java.lang.Object)'> (0x0000000710cf93b8) 
thrown [s\src\hotspot\share\interpreter\linkResolver.cpp, line 759]
Event: 0.953 Thread 0x0000019dc3cd9ca0 Exception <a 'sun/nio/fs/WindowsException'{0x0000000710dfc718}> (0x0000000710dfc718) 
thrown [s\src\hotspot\share\prims\jni.cpp, line 516]
Event: 0.958 Thread 0x0000019dc3cd9ca0 Exception <a 'java/lang/NoSuchMethodError'{0x0000000710a1d008}: 'int java.lang.invoke.DirectMethodHandle$Holder.invokeStaticInit(java.lang.Object, java.lang.Object, java.lang.Object, java.lang.Object)'> (0x0000000710a1d008) 
thrown [s\src\hotspot\share\interpreter\linkResolver.cpp, line 759]
Event: 1.076 Thread 0x0000019dc3cd9ca0 Exception <a 'java/lang/NoSuchMethodError'{0x000000071028c5a0}: 'java.lang.Object java.lang.invoke.DirectMethodHandle$Holder.invokeInterface(java.lang.Object, java.lang.Object, java.lang.Object)'> (0x000000071028c5a0) 
thrown [s\src\hotspot\share\interpreter\linkResolver.cpp, line 759]
Event: 1.077 Thread 0x0000019dc3cd9ca0 Exception <a 'java/lang/IncompatibleClassChangeError'{0x000000071028fc68}: Found class java.lang.Object, but interface was expected> (0x000000071028fc68) 
thrown [s\src\hotspot\share\interpreter\linkResolver.cpp, line 826]
Event: 1.077 Thread 0x0000019dc3cd9ca0 Exception <a 'java/lang/NoSuchMethodError'{0x0000000710298160}: 'int java.lang.invoke.DirectMethodHandle$Holder.invokeSpecialIFC(java.lang.Object, java.lang.Object, java.lang.Object, java.lang.Object)'> (0x0000000710298160) 
thrown [s\src\hotspot\share\interpreter\linkResolver.cpp, line 759]
Event: 1.080 Thread 0x0000019dc3cd9ca0 Exception <a 'java/lang/NoSuchMethodError'{0x00000007102cdeb8}: 'java.lang.Object java.lang.invoke.DirectMethodHandle$Holder.invokeVirtual(java.lang.Object, java.lang.Object, java.lang.Object, java.lang.Object)'> (0x00000007102cdeb8) 
thrown [s\src\hotspot\share\interpreter\linkResolver.cpp, line 759]
Event: 1.091 Thread 0x0000019de9d09df0 Exception <a 'java/net/ConnectException'{0x000000071037c550}: Connection refused: no further information> (0x000000071037c550) 
thrown [s\src\hotspot\share\prims\jni.cpp, line 535]
Event: 1.092 Thread 0x0000019de9d09df0 Exception <a 'java/net/SocketException'{0x000000071037c888}: Socket is not connected: shutdown> (0x000000071037c888) 
thrown [s\src\hotspot\share\prims\jni.cpp, line 535]
Event: 1.103 Thread 0x0000019de9d09df0 Exception <a 'java/net/ConnectException'{0x000000071037d880}: Connection refused: no further information> (0x000000071037d880) 
thrown [s\src\hotspot\share\prims\jni.cpp, line 535]
Event: 1.103 Thread 0x0000019de9d09df0 Exception <a 'java/net/SocketException'{0x000000071037dbb8}: Socket is not connected: shutdown> (0x000000071037dbb8) 
thrown [s\src\hotspot\share\prims\jni.cpp, line 535]
Event: 1.156 Thread 0x0000019dc3cd9ca0 Exception <a 'java/lang/NoSuchMethodError'{0x000000071009fce8}: 'java.lang.Object java.lang.invoke.DirectMethodHandle$Holder.newInvokeSpecial(java.lang.Object, java.lang.Object, int, int)'> (0x000000071009fce8) 
thrown [s\src\hotspot\share\interpreter\linkResolver.cpp, line 759]
Event: 1.157 Thread 0x0000019dc3cd9ca0 Exception <a 'java/lang/NoSuchMethodError'{0x00000007100aaa30}: 'void java.lang.invoke.DirectMethodHandle$Holder.invokeStatic(java.lang.Object, java.lang.Object, int)'> (0x00000007100aaa30) 
thrown [s\src\hotspot\share\interpreter\linkResolver.cpp, line 759]
Event: 1.215 Thread 0x0000019de9d07060 Exception <a 'java/lang/NoSuchMethodError'{0x000000070fcc93f0}: 'java.lang.Object java.lang.invoke.DirectMethodHandle$Holder.invokeSpecial(java.lang.Object, java.lang.Object, java.lang.Object, java.lang.Object, int)'> (0x000000070fcc93f0) 
thrown [s\src\hotspot\share\interpreter\linkResolver.cpp, line 759]
Event: 1.215 Thread 0x0000019de9d07060 Exception <a 'java/lang/NoSuchMethodError'{0x000000070fcccfb8}: 'java.lang.Object java.lang.invoke.Invokers$Holder.linkToTargetMethod(java.lang.Object, java.lang.Object, int, java.lang.Object)'> (0x000000070fcccfb8) 
thrown [s\src\hotspot\share\interpreter\linkResolver.cpp, line 759]
Event: 1.227 Thread 0x0000019de9d07060 Exception <a 'java/lang/NoSuchMethodError'{0x000000070fd1edd0}: 'void java.lang.invoke.DirectMethodHandle$Holder.invokeSpecial(java.lang.Object, java.lang.Object, java.lang.Object, java.lang.Object, java.lang.Object)'> (0x000000070fd1edd0) 
thrown [s\src\hotspot\share\interpreter\linkResolver.cpp, line 759]

VM Operations (20 events):
Event: 0.479 Executing VM operation: ICBufferFull
Event: 0.479 Executing VM operation: ICBufferFull done
Event: 0.509 Executing VM operation: HandshakeAllThreads
Event: 0.509 Executing VM operation: HandshakeAllThreads done
Event: 0.536 Executing VM operation: HandshakeAllThreads
Event: 0.536 Executing VM operation: HandshakeAllThreads done
Event: 0.876 Executing VM operation: G1CollectForAllocation
Event: 0.879 Executing VM operation: G1CollectForAllocation done
Event: 0.984 Executing VM operation: HandshakeAllThreads
Event: 0.984 Executing VM operation: HandshakeAllThreads done
Event: 1.022 Executing VM operation: HandshakeAllThreads
Event: 1.022 Executing VM operation: HandshakeAllThreads done
Event: 1.050 Executing VM operation: HandshakeAllThreads
Event: 1.050 Executing VM operation: HandshakeAllThreads done
Event: 1.052 Executing VM operation: HandshakeAllThreads
Event: 1.052 Executing VM operation: HandshakeAllThreads done
Event: 1.136 Executing VM operation: HandshakeAllThreads
Event: 1.136 Executing VM operation: HandshakeAllThreads done
Event: 1.137 Executing VM operation: HandshakeAllThreads
Event: 1.137 Executing VM operation: HandshakeAllThreads done

Events (20 events):
Event: 1.232 loading class java/nio/channels/SelectionKey
Event: 1.232 loading class java/nio/channels/SelectionKey done
Event: 1.232 loading class java/nio/channels/spi/AbstractSelectionKey done
Event: 1.232 loading class sun/nio/ch/SelectionKeyImpl done
Event: 1.232 loading class java/lang/invoke/ConstantBootstraps
Event: 1.232 loading class java/lang/invoke/ConstantBootstraps done
Event: 1.233 loading class java/util/concurrent/CompletableFuture$UniRelay
Event: 1.233 loading class java/util/concurrent/CompletableFuture$UniRelay done
Event: 1.235 Thread 0x0000019de9d0a810 Thread added: 0x0000019de9d0a810
Event: 1.235 Thread 0x0000019de9d07a80 Thread added: 0x0000019de9d07a80
Event: 1.236 loading class sun/nio/ch/IOVecWrapper
Event: 1.236 loading class sun/nio/ch/IOVecWrapper done
Event: 1.236 loading class sun/nio/ch/AllocatedNativeObject
Event: 1.236 loading class sun/nio/ch/NativeObject
Event: 1.236 loading class sun/nio/ch/NativeObject done
Event: 1.236 loading class sun/nio/ch/AllocatedNativeObject done
Event: 1.236 loading class sun/nio/ch/IOVecWrapper$Deallocator
Event: 1.236 loading class sun/nio/ch/IOVecWrapper$Deallocator done
Event: 1.240 loading class java/util/concurrent/CompletableFuture$UniApply
Event: 1.240 loading class java/util/concurrent/CompletableFuture$UniApply done


Dynamic libraries:
0x00007ff610aa0000 - 0x00007ff610aad000 	C:\Users\User\.jdks\corretto-17.0.8.1\bin\java.exe
0x00007ffd34a30000 - 0x00007ffd34c25000 	C:\WINDOWS\SYSTEM32\ntdll.dll
0x00007ffd347e0000 - 0x00007ffd3489d000 	C:\WINDOWS\System32\KERNEL32.DLL
0x00007ffd323d0000 - 0x00007ffd32697000 	C:\WINDOWS\System32\KERNELBASE.dll
0x00007ffd32990000 - 0x00007ffd32a90000 	C:\WINDOWS\System32\ucrtbase.dll
0x00007ffd2b110000 - 0x00007ffd2b127000 	C:\Users\User\.jdks\corretto-17.0.8.1\bin\jli.dll
0x00007ffd2b130000 - 0x00007ffd2b145000 	C:\Users\User\.jdks\corretto-17.0.8.1\bin\VCRUNTIME140.dll
0x00007ffd33a40000 - 0x00007ffd33be0000 	C:\WINDOWS\System32\USER32.dll
0x00007ffd326d0000 - 0x00007ffd326f2000 	C:\WINDOWS\System32\win32u.dll
0x00007ffd141d0000 - 0x00007ffd1446b000 	C:\WINDOWS\WinSxS\amd64_microsoft.windows.common-controls_6595b64144ccf1df_6.0.19041.488_none_ca04af081b815d21\COMCTL32.dll
0x00007ffd349c0000 - 0x00007ffd349ea000 	C:\WINDOWS\System32\GDI32.dll
0x00007ffd346b0000 - 0x00007ffd3474e000 	C:\WINDOWS\System32\msvcrt.dll
0x00007ffd322c0000 - 0x00007ffd323c9000 	C:\WINDOWS\System32\gdi32full.dll
0x00007ffd32220000 - 0x00007ffd322bd000 	C:\WINDOWS\System32\msvcp_win.dll
0x00007ffd347b0000 - 0x00007ffd347e0000 	C:\WINDOWS\System32\IMM32.DLL
0x00007ffd24400000 - 0x00007ffd2449b000 	C:\Users\User\.jdks\corretto-17.0.8.1\bin\msvcp140.dll
0x00007ffccc7f0000 - 0x00007ffccd40d000 	C:\Users\User\.jdks\corretto-17.0.8.1\bin\server\jvm.dll
0x00007ffd32fa0000 - 0x00007ffd3304a000 	C:\WINDOWS\System32\ADVAPI32.dll
0x00007ffd32b10000 - 0x00007ffd32bab000 	C:\WINDOWS\System32\sechost.dll
0x00007ffd33f00000 - 0x00007ffd34024000 	C:\WINDOWS\System32\RPCRT4.dll
0x00007ffd31770000 - 0x00007ffd317bb000 	C:\WINDOWS\SYSTEM32\POWRPROF.dll
0x00007ffd16c00000 - 0x00007ffd16c09000 	C:\WINDOWS\SYSTEM32\WSOCK32.dll
0x00007ffd25f90000 - 0x00007ffd25fb7000 	C:\WINDOWS\SYSTEM32\WINMM.dll
0x00007ffd33d10000 - 0x00007ffd33d7b000 	C:\WINDOWS\System32\WS2_32.dll
0x00007ffd29b50000 - 0x00007ffd29b5a000 	C:\WINDOWS\SYSTEM32\VERSION.dll
0x00007ffd315e0000 - 0x00007ffd315f2000 	C:\WINDOWS\SYSTEM32\UMPDC.dll
0x00007ffd300f0000 - 0x00007ffd30103000 	C:\WINDOWS\SYSTEM32\kernel.appcore.dll
0x00007ffd2d7e0000 - 0x00007ffd2d7ea000 	C:\Users\User\.jdks\corretto-17.0.8.1\bin\jimage.dll
0x00007ffd29240000 - 0x00007ffd29424000 	C:\WINDOWS\SYSTEM32\DBGHELP.DLL
0x00007ffd295e0000 - 0x00007ffd2960c000 	C:\WINDOWS\SYSTEM32\dbgcore.DLL
0x00007ffd32700000 - 0x00007ffd3277f000 	C:\WINDOWS\System32\bcryptPrimitives.dll
0x00007ffd2cbb0000 - 0x00007ffd2cbbe000 	C:\Users\User\.jdks\corretto-17.0.8.1\bin\instrument.dll
0x00007ffd23ff0000 - 0x00007ffd24015000 	C:\Users\User\.jdks\corretto-17.0.8.1\bin\java.dll
0x00007ffd02b60000 - 0x00007ffd02c36000 	C:\Users\User\.jdks\corretto-17.0.8.1\bin\jsvml.dll
0x00007ffd33050000 - 0x00007ffd33791000 	C:\WINDOWS\System32\SHELL32.dll
0x00007ffd302f0000 - 0x00007ffd30a83000 	C:\WINDOWS\SYSTEM32\windows.storage.dll
0x00007ffd32c40000 - 0x00007ffd32f95000 	C:\WINDOWS\System32\combase.dll
0x00007ffd31be0000 - 0x00007ffd31c0c000 	C:\WINDOWS\SYSTEM32\Wldp.dll
0x00007ffd33e50000 - 0x00007ffd33efe000 	C:\WINDOWS\System32\SHCORE.dll
0x00007ffd33820000 - 0x00007ffd33875000 	C:\WINDOWS\System32\shlwapi.dll
0x00007ffd320a0000 - 0x00007ffd320c6000 	C:\WINDOWS\SYSTEM32\profapi.dll
0x00007ffd216f0000 - 0x00007ffd21708000 	C:\Users\User\.jdks\corretto-17.0.8.1\bin\zip.dll
0x00007ffd23ba0000 - 0x00007ffd23bb9000 	C:\Users\User\.jdks\corretto-17.0.8.1\bin\net.dll
0x00007ffd2a770000 - 0x00007ffd2a870000 	C:\WINDOWS\SYSTEM32\WINHTTP.dll
0x00007ffd31960000 - 0x00007ffd319ca000 	C:\WINDOWS\system32\mswsock.dll
0x00007ffd21e80000 - 0x00007ffd21e95000 	C:\Users\User\.jdks\corretto-17.0.8.1\bin\nio.dll
0x00007ffd16700000 - 0x00007ffd1671a000 	C:\Program Files\JetBrains\IntelliJ IDEA Community Edition 2022.2.1\bin\breakgen64.dll
0x00007ffd2b430000 - 0x00007ffd2b440000 	C:\Users\User\.jdks\corretto-17.0.8.1\bin\verify.dll
0x00007ffd31b30000 - 0x00007ffd31b48000 	C:\WINDOWS\SYSTEM32\CRYPTSP.dll
0x00007ffd31280000 - 0x00007ffd312b4000 	C:\WINDOWS\system32\rsaenh.dll
0x00007ffd326a0000 - 0x00007ffd326c7000 	C:\WINDOWS\System32\bcrypt.dll
0x00007ffd32060000 - 0x00007ffd3208e000 	C:\WINDOWS\SYSTEM32\USERENV.dll
0x00007ffd31b50000 - 0x00007ffd31b5c000 	C:\WINDOWS\SYSTEM32\CRYPTBASE.dll
0x00007ffd31600000 - 0x00007ffd3163b000 	C:\WINDOWS\SYSTEM32\IPHLPAPI.DLL
0x00007ffd33880000 - 0x00007ffd33889000 	C:\WINDOWS\System32\NSI.dll
0x00007ffd2cd90000 - 0x00007ffd2cda7000 	C:\WINDOWS\SYSTEM32\dhcpcsvc6.DLL
0x00007ffd2cd70000 - 0x00007ffd2cd8d000 	C:\WINDOWS\SYSTEM32\dhcpcsvc.DLL
0x00007ffd31650000 - 0x00007ffd3171b000 	C:\WINDOWS\SYSTEM32\DNSAPI.dll
0x00007ffd29b20000 - 0x00007ffd29b2a000 	C:\Windows\System32\rasadhlp.dll
0x00007ffd29540000 - 0x00007ffd295bf000 	C:\WINDOWS\System32\fwpuclnt.dll
0x00007ffd2fb30000 - 0x00007ffd2fbc0000 	C:\WINDOWS\system32\apphelp.dll
0x00007ffd29750000 - 0x00007ffd2975e000 	C:\Users\User\.jdks\corretto-17.0.8.1\bin\sunmscapi.dll
0x00007ffd32780000 - 0x00007ffd328dd000 	C:\WINDOWS\System32\CRYPT32.dll
0x00007ffd31c50000 - 0x00007ffd31c77000 	C:\WINDOWS\SYSTEM32\ncrypt.dll
0x00007ffd31c10000 - 0x00007ffd31c4b000 	C:\WINDOWS\SYSTEM32\NTASN1.dll
0x00007ffd117e0000 - 0x00007ffd117e7000 	C:\WINDOWS\system32\wshunix.dll

dbghelp: loaded successfully - version: 4.0.5 - missing functions: none
symbol engine: initialized successfully - sym options: 0x614 - pdb path: .;C:\Users\User\.jdks\corretto-17.0.8.1\bin;C:\WINDOWS\SYSTEM32;C:\WINDOWS\WinSxS\amd64_microsoft.windows.common-controls_6595b64144ccf1df_6.0.19041.488_none_ca04af081b815d21;C:\Users\User\.jdks\corretto-17.0.8.1\bin\server;C:\Program Files\JetBrains\IntelliJ IDEA Community Edition 2022.2.1\bin

VM Arguments:
jvm_args: -ea -Didea.test.cyclic.buffer.size=1048576 -javaagent:C:\Program Files\JetBrains\IntelliJ IDEA Community Edition 2022.2.1\lib\idea_rt.jar=65160:C:\Program Files\JetBrains\IntelliJ IDEA Community Edition 2022.2.1\bin -Dfile.encoding=UTF-8 
java_command: com.intellij.rt.testng.RemoteTestNGStarter -usedefaultlisteners false -socket65159 @w@C:\Users\User\AppData\Local\Temp\idea_working_dirs_testng.tmp -temp C:\Users\User\AppData\Local\Temp\idea_testng.tmp
java_class_path (initial): C:\Program Files\JetBrains\IntelliJ IDEA Community Edition 2022.2.1\lib\idea_rt.jar;C:\Program Files\JetBrains\IntelliJ IDEA Community Edition 2022.2.1\plugins\testng\lib\testng-rt.jar;C:\Users\User\Desktop\ASTON\AstonAQAJava\target\test-classes;C:\Users\User\Desktop\ASTON\AstonAQAJava\target\classes;C:\Users\User\.m2\repository\org\testng\testng\7.8.0\testng-7.8.0.jar;C:\Users\User\.m2\repository\org\slf4j\slf4j-api\1.7.36\slf4j-api-1.7.36.jar;C:\Users\User\.m2\repository\com\beust\jcommander\1.82\jcommander-1.82.jar;C:\Users\User\.m2\repository\org\webjars\jquery\3.6.1\jquery-3.6.1.jar;C:\Users\User\.m2\repository\org\seleniumhq\selenium\selenium-java\4.14.1\selenium-java-4.14.1.jar;C:\Users\User\.m2\repository\org\seleniumhq\selenium\selenium-api\4.14.1\selenium-api-4.14.1.jar;C:\Users\User\.m2\repository\org\seleniumhq\selenium\selenium-chrome-driver\4.14.1\selenium-chrome-driver-4.14.1.jar;C:\Users\User\.m2\repository\com\google\auto\service\auto-service-annotations\1.1.1\auto-service-annotations-1.1.1.jar;C:\Users\User\.m2\repository\com\google\guava\guava\32.1.2-jre\guava-32.1.2-jre.jar;C:\Users\User\.m2\repository\com\google\guava\failureaccess\1.0.1\failureaccess-1.0.1.jar;C:\Users\User\.m2\repository\com\google\guava\listenablefuture\9999.0-empty-to-avoid-conflict-with-guava\listenablefuture-9999.0-empty-to-avoid-conflict-with-guava.jar;C:\Users\User\.m2\repository\com\google\code\findbugs\jsr305\3.0.2\jsr305-3.0.2.jar;C:\Users\User\.m2\repository\org\checkerframework\checker-qual\3.33.0\checker-qual-3.33.0.jar;C:\Users\User\.m2\repository\com\google\errorprone\error_prone_annotations\2.18.0\error_prone_annotations-2.18.0.jar;C:\Users\User\.m2\repository\com\google\j2objc\j2objc-annotations\2.8\j2objc-annotations-2.8.jar;C:\Users\User\.m2\repository\org\seleniumhq\selenium\selenium-chromium-driver\4.14.1\selenium-chromium-driver-4.14.1.jar;C:\Users\User\.m2\repository\org\seleniumhq\selenium\selenium-json\4.14.1\selenium-json-4
Launcher Type: SUN_STANDARD

[Global flags]
     intx CICompilerCount                          = 4                                         {product} {ergonomic}
     uint ConcGCThreads                            = 3                                         {product} {ergonomic}
     uint G1ConcRefinementThreads                  = 10                                        {product} {ergonomic}
   size_t G1HeapRegionSize                         = 2097152                                   {product} {ergonomic}
    uintx GCDrainStackTargetSize                   = 64                                        {product} {ergonomic}
   size_t InitialHeapSize                          = 268435456                                 {product} {ergonomic}
   size_t MarkStackSize                            = 4194304                                   {product} {ergonomic}
   size_t MaxHeapSize                              = 4278190080                                {product} {ergonomic}
   size_t MaxNewSize                               = 2566914048                                {product} {ergonomic}
   size_t MinHeapDeltaBytes                        = 2097152                                   {product} {ergonomic}
   size_t MinHeapSize                              = 8388608                                   {product} {ergonomic}
    uintx NonNMethodCodeHeapSize                   = 5839372                                {pd product} {ergonomic}
    uintx NonProfiledCodeHeapSize                  = 122909434                              {pd product} {ergonomic}
    uintx ProfiledCodeHeapSize                     = 122909434                              {pd product} {ergonomic}
    uintx ReservedCodeCacheSize                    = 251658240                              {pd product} {ergonomic}
     bool SegmentedCodeCache                       = true                                      {product} {ergonomic}
   size_t SoftMaxHeapSize                          = 4278190080                             {manageable} {ergonomic}
     bool UseCompressedClassPointers               = true                           {product lp64_product} {ergonomic}
     bool UseCompressedOops                        = true                           {product lp64_product} {ergonomic}
     bool UseG1GC                                  = true                                      {product} {ergonomic}
     bool UseLargePagesIndividualAllocation        = false                                  {pd product} {ergonomic}

Logging:
Log output configuration:
 #0: stdout all=warning uptime,level,tags
 #1: stderr all=off uptime,level,tags

Environment Variables:
JAVA_HOME=c:\Program Files\Java\jdk-18.0.2.1
PATH=C:\Program Files\Common Files\Oracle\Java\javapath;C:\WINDOWS\system32;C:\WINDOWS;C:\WINDOWS\System32\Wbem;C:\WINDOWS\System32\WindowsPowerShell\v1.0\;C:\WINDOWS\System32\OpenSSH\;C:\Program Files (x86)\NVIDIA Corporation\PhysX\Common;C:\Program Files\nodejs\;C:\Program Files\Git\cmd;c:\apache-maven-3.8.6\bin;C:\Program Files\MySQL\MySQL Shell 8.0\bin\;C:\Users\User\AppData\Local\Microsoft\WindowsApps;C:\Users\User\AppData\Local\Programs\Microsoft VS Code\bin;C:\Users\User\AppData\Roaming\npm;c:\Program Files\Java\jdk-18.0.2.1\bin;D:\webdrivers;
USERNAME=User
OS=Windows_NT
PROCESSOR_IDENTIFIER=AMD64 Family 23 Model 113 Stepping 0, AuthenticAMD
TMP=C:\Users\User\AppData\Local\Temp
TEMP=C:\Users\User\AppData\Local\Temp



---------------  S Y S T E M  ---------------

OS:
 Windows 10 , 64 bit Build 19041 (10.0.19041.292)
OS uptime: 5 days 23:49 hours

CPU: total 12 (initial active 12) (12 cores per cpu, 2 threads per core) family 23 model 113 stepping 0 microcode 0x0, cx8, cmov, fxsr, ht, mmx, 3dnowpref, sse, sse2, sse3, ssse3, sse4a, sse4.1, sse4.2, popcnt, lzcnt, tsc, tscinvbit, avx, avx2, aes, clmul, bmi1, bmi2, adx, sha, fma, vzeroupper, clflush, clflushopt
Processor Information for all 12 processors :
  Max Mhz: 3593, Current Mhz: 0, Mhz Limit: 3593

Memory: 4k page, system-wide physical 16313M (6646M free)
TotalPageFile size 20172M (AvailPageFile size 5M)
current process WorkingSet (physical memory assigned to process): 108M, peak: 110M
current process commit charge ("private bytes"): 391M, peak: 393M

vm_info: OpenJDK 64-Bit Server VM (17.0.8.1+8-LTS) for windows-amd64 JRE (17.0.8.1+8-LTS), built on Aug 19 2023 03:47:39 by "Administrator" with MS VC++ 15.9 (VS2017)

END.
